[75059:259:0604/111719.346032:WARNING:chrome_main_delegate.cc(593)] This is Chrome version 114.0.5735.90 (not a warning)
[75059:259:0604/111720.647234:INFO:chrome_browser_cloud_management_controller.cc(167)] Starting CBCM Controller Initialization
[75059:259:0604/111720.648089:INFO:chrome_browser_cloud_management_controller.cc(195)] No machine level policy manager exists.
[75059:259:0604/111724.256355:INFO:CONSOLE(6)] "SNOW INTERCEPTED NEW WINDOW CREATION IN METAMASK APP:  [object Window] null", source: chrome-extension://nkbihfbeogaeaoehlefnkodbefgpgknn/use-snow.js (6)
[75059:259:0604/111724.256623:INFO:CONSOLE(6)] "SNOW INTERCEPTED NEW WINDOW CREATION IN METAMASK APP:  [object Window] null", source: chrome-extension://nkbihfbeogaeaoehlefnkodbefgpgknn/use-snow.js (6)
[75059:259:0604/111724.387835:INFO:CONSOLE(1)] "Setting up Sentry Remote Error Reporting for 'production': SENTRY_DSN", source: chrome-extension://nkbihfbeogaeaoehlefnkodbefgpgknn/sentry-install.js (1)
[75059:259:0604/111724.916997:INFO:CONSOLE(1)] "Removing intrinsics.JSON.rawJSON", source: chrome-extension://nkbihfbeogaeaoehlefnkodbefgpgknn/sentry-install.js (1)
[75059:259:0604/111724.917855:INFO:CONSOLE(1)] "Removing intrinsics.JSON.isRawJSON", source: chrome-extension://nkbihfbeogaeaoehlefnkodbefgpgknn/sentry-install.js (1)
[75059:259:0604/111724.978646:INFO:CONSOLE(1)] "Removing intrinsics.%ArrayPrototype%.toReversed", source: chrome-extension://nkbihfbeogaeaoehlefnkodbefgpgknn/sentry-install.js (1)
[75059:259:0604/111724.985383:INFO:CONSOLE(1)] "Removing intrinsics.%ArrayPrototype%.toSorted", source: chrome-extension://nkbihfbeogaeaoehlefnkodbefgpgknn/sentry-install.js (1)
[75059:259:0604/111724.985655:INFO:CONSOLE(1)] "Removing intrinsics.%ArrayPrototype%.toSpliced", source: chrome-extension://nkbihfbeogaeaoehlefnkodbefgpgknn/sentry-install.js (1)
[75059:259:0604/111724.985743:INFO:CONSOLE(1)] "Removing intrinsics.%ArrayPrototype%.with", source: chrome-extension://nkbihfbeogaeaoehlefnkodbefgpgknn/sentry-install.js (1)
[75059:259:0604/111724.985805:INFO:CONSOLE(1)] "Removing intrinsics.%ArrayPrototype%.@@unscopables.toReversed", source: chrome-extension://nkbihfbeogaeaoehlefnkodbefgpgknn/sentry-install.js (1)
[75059:259:0604/111724.985960:INFO:CONSOLE(1)] "Removing intrinsics.%ArrayPrototype%.@@unscopables.toSorted", source: chrome-extension://nkbihfbeogaeaoehlefnkodbefgpgknn/sentry-install.js (1)
[75059:259:0604/111724.986025:INFO:CONSOLE(1)] "Removing intrinsics.%ArrayPrototype%.@@unscopables.toSpliced", source: chrome-extension://nkbihfbeogaeaoehlefnkodbefgpgknn/sentry-install.js (1)
[75059:259:0604/111724.986329:INFO:CONSOLE(1)] "Removing intrinsics.%ArrayBufferPrototype%.transferToFixedLength", source: chrome-extension://nkbihfbeogaeaoehlefnkodbefgpgknn/sentry-install.js (1)
[75059:259:0604/111724.986376:INFO:CONSOLE(1)] "Removing intrinsics.%ArrayBufferPrototype%.detached", source: chrome-extension://nkbihfbeogaeaoehlefnkodbefgpgknn/sentry-install.js (1)
[75059:259:0604/111724.986413:INFO:CONSOLE(1)] "Removing intrinsics.%StringPrototype%.isWellFormed", source: chrome-extension://nkbihfbeogaeaoehlefnkodbefgpgknn/sentry-install.js (1)
[75059:259:0604/111724.986448:INFO:CONSOLE(1)] "Removing intrinsics.%StringPrototype%.toWellFormed", source: chrome-extension://nkbihfbeogaeaoehlefnkodbefgpgknn/sentry-install.js (1)
[75059:259:0604/111724.986483:INFO:CONSOLE(1)] "Removing intrinsics.%RegExpPrototype%.unicodeSets", source: chrome-extension://nkbihfbeogaeaoehlefnkodbefgpgknn/sentry-install.js (1)
[75059:259:0604/111724.986517:INFO:CONSOLE(1)] "Removing intrinsics.%FunctionPrototype%.apply.prototype", source: chrome-extension://nkbihfbeogaeaoehlefnkodbefgpgknn/sentry-install.js (1)
[75059:259:0604/111724.992101:INFO:CONSOLE(1)] "Tolerating undeletable intrinsics.%FunctionPrototype%.apply.prototype === undefined", source: chrome-extension://nkbihfbeogaeaoehlefnkodbefgpgknn/sentry-install.js (1)
[75059:259:0604/111724.992366:INFO:CONSOLE(1)] "Removing intrinsics.%FunctionPrototype%.bind.prototype", source: chrome-extension://nkbihfbeogaeaoehlefnkodbefgpgknn/sentry-install.js (1)
[75059:259:0604/111724.992567:INFO:CONSOLE(1)] "Tolerating undeletable intrinsics.%FunctionPrototype%.bind.prototype === undefined", source: chrome-extension://nkbihfbeogaeaoehlefnkodbefgpgknn/sentry-install.js (1)
[75059:259:0604/111724.992733:INFO:CONSOLE(1)] "Removing intrinsics.%TypedArrayPrototype%.toReversed", source: chrome-extension://nkbihfbeogaeaoehlefnkodbefgpgknn/sentry-install.js (1)
[75059:259:0604/111724.992782:INFO:CONSOLE(1)] "Removing intrinsics.%TypedArrayPrototype%.toSorted", source: chrome-extension://nkbihfbeogaeaoehlefnkodbefgpgknn/sentry-install.js (1)
[75059:259:0604/111724.992817:INFO:CONSOLE(1)] "Removing intrinsics.%TypedArrayPrototype%.with", source: chrome-extension://nkbihfbeogaeaoehlefnkodbefgpgknn/sentry-install.js (1)
[75059:259:0604/111725.488458:INFO:CONSOLE(1)] "Property eval will not be hardened because it is scuttled by LavaMoat protection. Visit https://github.com/LavaMoat/LavaMoat/pull/360 to learn more.", source: chrome-extension://nkbihfbeogaeaoehlefnkodbefgpgknn/sentry-install.js (1)
[75059:259:0604/111725.941468:INFO:CONSOLE(1)] "missing dep: ethjs>ethjs-unit>bn.js requested buffer", source: chrome-extension://nkbihfbeogaeaoehlefnkodbefgpgknn/sentry-install.js (1)
[75059:259:0604/111725.941644:INFO:CONSOLE(1)] "missing dep: ethjs>number-to-bn>bn.js requested buffer", source: chrome-extension://nkbihfbeogaeaoehlefnkodbefgpgknn/sentry-install.js (1)
[75059:259:0604/111726.448068:INFO:CONSOLE(1)] "Removing intrinsics.JSON.rawJSON", source: chrome-extension://nkbihfbeogaeaoehlefnkodbefgpgknn/lockdown-install.js (1)
[75059:259:0604/111726.463204:INFO:CONSOLE(1)] "WARNING: Missing strong random number source", source: chrome-extension://nkbihfbeogaeaoehlefnkodbefgpgknn/sentry-install.js (1)
[75059:259:0604/111726.469089:INFO:CONSOLE(1)] "Removing intrinsics.JSON.isRawJSON", source: chrome-extension://nkbihfbeogaeaoehlefnkodbefgpgknn/lockdown-install.js (1)
[75059:259:0604/111726.471758:INFO:CONSOLE(1)] "Removing intrinsics.%ArrayPrototype%.toReversed", source: chrome-extension://nkbihfbeogaeaoehlefnkodbefgpgknn/lockdown-install.js (1)
[75059:259:0604/111726.473511:INFO:CONSOLE(1)] "Removing intrinsics.%ArrayPrototype%.toSorted", source: chrome-extension://nkbihfbeogaeaoehlefnkodbefgpgknn/lockdown-install.js (1)
[75059:259:0604/111726.474554:INFO:CONSOLE(1)] "Removing intrinsics.%ArrayPrototype%.toSpliced", source: chrome-extension://nkbihfbeogaeaoehlefnkodbefgpgknn/lockdown-install.js (1)
[75059:259:0604/111726.476622:INFO:CONSOLE(1)] "Removing intrinsics.%ArrayPrototype%.with", source: chrome-extension://nkbihfbeogaeaoehlefnkodbefgpgknn/lockdown-install.js (1)
[75059:259:0604/111726.483639:INFO:CONSOLE(1)] "Removing intrinsics.%ArrayPrototype%.@@unscopables.toReversed", source: chrome-extension://nkbihfbeogaeaoehlefnkodbefgpgknn/lockdown-install.js (1)
[75059:259:0604/111726.484759:INFO:CONSOLE(1)] "Removing intrinsics.%ArrayPrototype%.@@unscopables.toSorted", source: chrome-extension://nkbihfbeogaeaoehlefnkodbefgpgknn/lockdown-install.js (1)
[75059:259:0604/111726.485374:INFO:CONSOLE(1)] "Removing intrinsics.%ArrayPrototype%.@@unscopables.toSpliced", source: chrome-extension://nkbihfbeogaeaoehlefnkodbefgpgknn/lockdown-install.js (1)
[75059:259:0604/111726.486174:INFO:CONSOLE(1)] "Removing intrinsics.%ArrayBufferPrototype%.transferToFixedLength", source: chrome-extension://nkbihfbeogaeaoehlefnkodbefgpgknn/lockdown-install.js (1)
[75059:259:0604/111726.486819:INFO:CONSOLE(1)] "Removing intrinsics.%ArrayBufferPrototype%.detached", source: chrome-extension://nkbihfbeogaeaoehlefnkodbefgpgknn/lockdown-install.js (1)
[75059:259:0604/111726.487670:INFO:CONSOLE(1)] "Removing intrinsics.%StringPrototype%.isWellFormed", source: chrome-extension://nkbihfbeogaeaoehlefnkodbefgpgknn/lockdown-install.js (1)
[75059:259:0604/111726.488231:INFO:CONSOLE(1)] "Removing intrinsics.%StringPrototype%.toWellFormed", source: chrome-extension://nkbihfbeogaeaoehlefnkodbefgpgknn/lockdown-install.js (1)
[75059:259:0604/111726.489260:INFO:CONSOLE(1)] "Removing intrinsics.%RegExpPrototype%.unicodeSets", source: chrome-extension://nkbihfbeogaeaoehlefnkodbefgpgknn/lockdown-install.js (1)
[75059:259:0604/111726.489733:INFO:CONSOLE(1)] "Removing intrinsics.%TypedArrayPrototype%.toReversed", source: chrome-extension://nkbihfbeogaeaoehlefnkodbefgpgknn/lockdown-install.js (1)
[75059:259:0604/111726.490188:INFO:CONSOLE(1)] "Removing intrinsics.%TypedArrayPrototype%.toSorted", source: chrome-extension://nkbihfbeogaeaoehlefnkodbefgpgknn/lockdown-install.js (1)
[75059:259:0604/111726.490756:INFO:CONSOLE(1)] "Removing intrinsics.%TypedArrayPrototype%.with", source: chrome-extension://nkbihfbeogaeaoehlefnkodbefgpgknn/lockdown-install.js (1)
[75059:259:0604/111726.959322:INFO:CONSOLE(1)] "missing dep: ethjs-contract>ethjs-abi>bn.js requested buffer", source: chrome-extension://nkbihfbeogaeaoehlefnkodbefgpgknn/sentry-install.js (1)
[75059:259:0604/111728.810149:INFO:CONSOLE(1)] "%s: %s MaxListenersExceededWarning Possible EventEmitter memory leak detected. 11 "update" listeners added. Use emitter.setMaxListeners() to increase limit.", source: chrome-extension://nkbihfbeogaeaoehlefnkodbefgpgknn/sentry-install.js (1)
[75059:259:0604/111728.810639:INFO:CONSOLE(1)] "%s: %s MaxListenersExceededWarning Possible EventEmitter memory leak detected. 14 "update" listeners added. Use emitter.setMaxListeners() to increase limit.", source: chrome-extension://nkbihfbeogaeaoehlefnkodbefgpgknn/sentry-install.js (1)
[75059:259:0604/111728.853297:INFO:CONSOLE(6)] "SNOW INTERCEPTED NEW WINDOW CREATION IN METAMASK APP:  [object Window] [object HTMLIFrameElement]", source: chrome-extension://nkbihfbeogaeaoehlefnkodbefgpgknn/use-snow.js (6)
[75059:259:0604/111729.276592:INFO:CONSOLE(6)] "SNOW INTERCEPTED NEW WINDOW CREATION IN METAMASK APP:  [object Window] null", source: chrome-extension://nkbihfbeogaeaoehlefnkodbefgpgknn/use-snow.js (6)
[75059:259:0604/111729.280637:INFO:CONSOLE(0)] "Error with Permissions-Policy header: Origin trial controlled feature not enabled: 'interest-cohort'.", source:  (0)
[75059:259:0604/111729.368060:INFO:CONSOLE(1)] "Removing intrinsics.JSON.rawJSON", source: chrome-extension://nkbihfbeogaeaoehlefnkodbefgpgknn/lockdown-install.js (1)
[75059:259:0604/111729.368152:INFO:CONSOLE(1)] "Removing intrinsics.JSON.isRawJSON", source: chrome-extension://nkbihfbeogaeaoehlefnkodbefgpgknn/lockdown-install.js (1)
[75059:259:0604/111729.368187:INFO:CONSOLE(1)] "Removing intrinsics.%ArrayPrototype%.toReversed", source: chrome-extension://nkbihfbeogaeaoehlefnkodbefgpgknn/lockdown-install.js (1)
[75059:259:0604/111729.368219:INFO:CONSOLE(1)] "Removing intrinsics.%ArrayPrototype%.toSorted", source: chrome-extension://nkbihfbeogaeaoehlefnkodbefgpgknn/lockdown-install.js (1)
[75059:259:0604/111729.368250:INFO:CONSOLE(1)] "Removing intrinsics.%ArrayPrototype%.toSpliced", source: chrome-extension://nkbihfbeogaeaoehlefnkodbefgpgknn/lockdown-install.js (1)
[75059:259:0604/111729.368281:INFO:CONSOLE(1)] "Removing intrinsics.%ArrayPrototype%.with", source: chrome-extension://nkbihfbeogaeaoehlefnkodbefgpgknn/lockdown-install.js (1)
[75059:259:0604/111729.368312:INFO:CONSOLE(1)] "Removing intrinsics.%ArrayPrototype%.@@unscopables.toReversed", source: chrome-extension://nkbihfbeogaeaoehlefnkodbefgpgknn/lockdown-install.js (1)
[75059:259:0604/111729.368345:INFO:CONSOLE(1)] "Removing intrinsics.%ArrayPrototype%.@@unscopables.toSorted", source: chrome-extension://nkbihfbeogaeaoehlefnkodbefgpgknn/lockdown-install.js (1)
[75059:259:0604/111729.368381:INFO:CONSOLE(1)] "Removing intrinsics.%ArrayPrototype%.@@unscopables.toSpliced", source: chrome-extension://nkbihfbeogaeaoehlefnkodbefgpgknn/lockdown-install.js (1)
[75059:259:0604/111729.368413:INFO:CONSOLE(1)] "Removing intrinsics.%ArrayBufferPrototype%.transferToFixedLength", source: chrome-extension://nkbihfbeogaeaoehlefnkodbefgpgknn/lockdown-install.js (1)
[75059:259:0604/111729.368443:INFO:CONSOLE(1)] "Removing intrinsics.%ArrayBufferPrototype%.detached", source: chrome-extension://nkbihfbeogaeaoehlefnkodbefgpgknn/lockdown-install.js (1)
[75059:259:0604/111729.368473:INFO:CONSOLE(1)] "Removing intrinsics.%StringPrototype%.isWellFormed", source: chrome-extension://nkbihfbeogaeaoehlefnkodbefgpgknn/lockdown-install.js (1)
[75059:259:0604/111729.368521:INFO:CONSOLE(1)] "Removing intrinsics.%StringPrototype%.toWellFormed", source: chrome-extension://nkbihfbeogaeaoehlefnkodbefgpgknn/lockdown-install.js (1)
[75059:259:0604/111729.368551:INFO:CONSOLE(1)] "Removing intrinsics.%RegExpPrototype%.unicodeSets", source: chrome-extension://nkbihfbeogaeaoehlefnkodbefgpgknn/lockdown-install.js (1)
[75059:259:0604/111729.391829:INFO:CONSOLE(6)] "SNOW INTERCEPTED NEW WINDOW CREATION IN METAMASK APP:  [object Window] null", source: chrome-extension://nkbihfbeogaeaoehlefnkodbefgpgknn/use-snow.js (6)
[75059:259:0604/111729.437130:INFO:CONSOLE(1)] "Removing intrinsics.%TypedArrayPrototype%.toReversed", source: chrome-extension://nkbihfbeogaeaoehlefnkodbefgpgknn/lockdown-install.js (1)
[75059:259:0604/111729.484709:INFO:CONSOLE(1)] "Removing intrinsics.%TypedArrayPrototype%.toSorted", source: chrome-extension://nkbihfbeogaeaoehlefnkodbefgpgknn/lockdown-install.js (1)
[75059:259:0604/111729.493569:INFO:CONSOLE(1)] "Removing intrinsics.%TypedArrayPrototype%.with", source: chrome-extension://nkbihfbeogaeaoehlefnkodbefgpgknn/lockdown-install.js (1)
[75059:259:0604/111729.538613:INFO:CONSOLE(1)] "Setting up Sentry Remote Error Reporting for 'production': SENTRY_DSN", source: chrome-extension://nkbihfbeogaeaoehlefnkodbefgpgknn/sentry-install.js (1)
[75059:259:0604/111729.686696:INFO:CONSOLE(1)] "Removing intrinsics.JSON.rawJSON", source: chrome-extension://nkbihfbeogaeaoehlefnkodbefgpgknn/sentry-install.js (1)
[75059:259:0604/111729.688122:INFO:CONSOLE(1)] "Removing intrinsics.JSON.rawJSON", source: https://metamask.github.io/phishing-warning/v2.1.0/lockdown-install.js?__WB_REVISION__=c7dc122a07581e6e022f0f53a00abe9e (1)
[75059:259:0604/111729.688186:INFO:CONSOLE(1)] "Removing intrinsics.JSON.isRawJSON", source: https://metamask.github.io/phishing-warning/v2.1.0/lockdown-install.js?__WB_REVISION__=c7dc122a07581e6e022f0f53a00abe9e (1)
[75059:259:0604/111729.688454:INFO:CONSOLE(1)] "Removing intrinsics.%ArrayPrototype%.toReversed", source: https://metamask.github.io/phishing-warning/v2.1.0/lockdown-install.js?__WB_REVISION__=c7dc122a07581e6e022f0f53a00abe9e (1)
[75059:259:0604/111729.688510:INFO:CONSOLE(1)] "Removing intrinsics.%ArrayPrototype%.toSorted", source: https://metamask.github.io/phishing-warning/v2.1.0/lockdown-install.js?__WB_REVISION__=c7dc122a07581e6e022f0f53a00abe9e (1)
[75059:259:0604/111729.688628:INFO:CONSOLE(1)] "Removing intrinsics.%ArrayPrototype%.toSpliced", source: https://metamask.github.io/phishing-warning/v2.1.0/lockdown-install.js?__WB_REVISION__=c7dc122a07581e6e022f0f53a00abe9e (1)
[75059:259:0604/111729.688666:INFO:CONSOLE(1)] "Removing intrinsics.%ArrayPrototype%.with", source: https://metamask.github.io/phishing-warning/v2.1.0/lockdown-install.js?__WB_REVISION__=c7dc122a07581e6e022f0f53a00abe9e (1)
[75059:259:0604/111729.688723:INFO:CONSOLE(1)] "Removing intrinsics.%ArrayPrototype%.@@unscopables.toReversed", source: https://metamask.github.io/phishing-warning/v2.1.0/lockdown-install.js?__WB_REVISION__=c7dc122a07581e6e022f0f53a00abe9e (1)
[75059:259:0604/111729.688758:INFO:CONSOLE(1)] "Removing intrinsics.%ArrayPrototype%.@@unscopables.toSorted", source: https://metamask.github.io/phishing-warning/v2.1.0/lockdown-install.js?__WB_REVISION__=c7dc122a07581e6e022f0f53a00abe9e (1)
[75059:259:0604/111729.688802:INFO:CONSOLE(1)] "Removing intrinsics.%ArrayPrototype%.@@unscopables.toSpliced", source: https://metamask.github.io/phishing-warning/v2.1.0/lockdown-install.js?__WB_REVISION__=c7dc122a07581e6e022f0f53a00abe9e (1)
[75059:259:0604/111729.688876:INFO:CONSOLE(1)] "Removing intrinsics.%ArrayBufferPrototype%.transferToFixedLength", source: https://metamask.github.io/phishing-warning/v2.1.0/lockdown-install.js?__WB_REVISION__=c7dc122a07581e6e022f0f53a00abe9e (1)
[75059:259:0604/111729.688912:INFO:CONSOLE(1)] "Removing intrinsics.%ArrayBufferPrototype%.detached", source: https://metamask.github.io/phishing-warning/v2.1.0/lockdown-install.js?__WB_REVISION__=c7dc122a07581e6e022f0f53a00abe9e (1)
[75059:259:0604/111729.689202:INFO:CONSOLE(1)] "Removing intrinsics.%StringPrototype%.isWellFormed", source: https://metamask.github.io/phishing-warning/v2.1.0/lockdown-install.js?__WB_REVISION__=c7dc122a07581e6e022f0f53a00abe9e (1)
[75059:259:0604/111729.689244:INFO:CONSOLE(1)] "Removing intrinsics.%StringPrototype%.toWellFormed", source: https://metamask.github.io/phishing-warning/v2.1.0/lockdown-install.js?__WB_REVISION__=c7dc122a07581e6e022f0f53a00abe9e (1)
[75059:259:0604/111729.689522:INFO:CONSOLE(1)] "Removing intrinsics.%RegExpPrototype%.unicodeSets", source: https://metamask.github.io/phishing-warning/v2.1.0/lockdown-install.js?__WB_REVISION__=c7dc122a07581e6e022f0f53a00abe9e (1)
[75059:259:0604/111729.689681:INFO:CONSOLE(1)] "Removing intrinsics.%TypedArrayPrototype%.toReversed", source: https://metamask.github.io/phishing-warning/v2.1.0/lockdown-install.js?__WB_REVISION__=c7dc122a07581e6e022f0f53a00abe9e (1)
[75059:259:0604/111729.689723:INFO:CONSOLE(1)] "Removing intrinsics.%TypedArrayPrototype%.toSorted", source: https://metamask.github.io/phishing-warning/v2.1.0/lockdown-install.js?__WB_REVISION__=c7dc122a07581e6e022f0f53a00abe9e (1)
[75059:259:0604/111729.689968:INFO:CONSOLE(1)] "Removing intrinsics.%TypedArrayPrototype%.with", source: https://metamask.github.io/phishing-warning/v2.1.0/lockdown-install.js?__WB_REVISION__=c7dc122a07581e6e022f0f53a00abe9e (1)
[75059:259:0604/111729.692522:INFO:CONSOLE(1)] "Removing intrinsics.JSON.isRawJSON", source: chrome-extension://nkbihfbeogaeaoehlefnkodbefgpgknn/sentry-install.js (1)
[75059:259:0604/111729.695015:INFO:CONSOLE(1)] "Removing intrinsics.%ArrayPrototype%.toReversed", source: chrome-extension://nkbihfbeogaeaoehlefnkodbefgpgknn/sentry-install.js (1)
[75059:259:0604/111729.695960:INFO:CONSOLE(1)] "Removing intrinsics.%ArrayPrototype%.toSorted", source: chrome-extension://nkbihfbeogaeaoehlefnkodbefgpgknn/sentry-install.js (1)
[75059:259:0604/111729.705296:INFO:CONSOLE(1)] "Removing intrinsics.%ArrayPrototype%.toSpliced", source: chrome-extension://nkbihfbeogaeaoehlefnkodbefgpgknn/sentry-install.js (1)
[75059:259:0604/111729.709529:INFO:CONSOLE(1)] "Removing intrinsics.%ArrayPrototype%.with", source: chrome-extension://nkbihfbeogaeaoehlefnkodbefgpgknn/sentry-install.js (1)
[75059:259:0604/111729.710119:INFO:CONSOLE(1)] "Removing intrinsics.%ArrayPrototype%.@@unscopables.toReversed", source: chrome-extension://nkbihfbeogaeaoehlefnkodbefgpgknn/sentry-install.js (1)
[75059:259:0604/111729.710278:INFO:CONSOLE(17)] "Service worker registered!", source: https://metamask.github.io/phishing-warning/v2.1.0/bundle.js?__WB_REVISION__=4f581fbe5d7af118bed82add2005e294 (17)
[75059:259:0604/111729.711025:INFO:CONSOLE(1)] "Removing intrinsics.%ArrayPrototype%.@@unscopables.toSorted", source: chrome-extension://nkbihfbeogaeaoehlefnkodbefgpgknn/sentry-install.js (1)
[75059:259:0604/111729.711561:INFO:CONSOLE(1)] "Removing intrinsics.%ArrayPrototype%.@@unscopables.toSpliced", source: chrome-extension://nkbihfbeogaeaoehlefnkodbefgpgknn/sentry-install.js (1)
[75059:259:0604/111729.712376:INFO:CONSOLE(1)] "Removing intrinsics.%ArrayBufferPrototype%.transferToFixedLength", source: chrome-extension://nkbihfbeogaeaoehlefnkodbefgpgknn/sentry-install.js (1)
[75059:259:0604/111729.712884:INFO:CONSOLE(1)] "Removing intrinsics.%ArrayBufferPrototype%.detached", source: chrome-extension://nkbihfbeogaeaoehlefnkodbefgpgknn/sentry-install.js (1)
[75059:259:0604/111729.714091:INFO:CONSOLE(1)] "Removing intrinsics.%StringPrototype%.isWellFormed", source: chrome-extension://nkbihfbeogaeaoehlefnkodbefgpgknn/sentry-install.js (1)
[75059:259:0604/111729.718486:INFO:CONSOLE(1)] "Removing intrinsics.%StringPrototype%.toWellFormed", source: chrome-extension://nkbihfbeogaeaoehlefnkodbefgpgknn/sentry-install.js (1)
[75059:259:0604/111729.719669:INFO:CONSOLE(1)] "Removing intrinsics.%RegExpPrototype%.unicodeSets", source: chrome-extension://nkbihfbeogaeaoehlefnkodbefgpgknn/sentry-install.js (1)
[75059:259:0604/111729.720649:INFO:CONSOLE(1)] "Removing intrinsics.%FunctionPrototype%.apply.prototype", source: chrome-extension://nkbihfbeogaeaoehlefnkodbefgpgknn/sentry-install.js (1)
[75059:259:0604/111729.721239:INFO:CONSOLE(1)] "Tolerating undeletable intrinsics.%FunctionPrototype%.apply.prototype === undefined", source: chrome-extension://nkbihfbeogaeaoehlefnkodbefgpgknn/sentry-install.js (1)
[75059:259:0604/111729.759361:INFO:CONSOLE(1)] "Removing intrinsics.%FunctionPrototype%.bind.prototype", source: chrome-extension://nkbihfbeogaeaoehlefnkodbefgpgknn/sentry-install.js (1)
[75059:259:0604/111729.760617:INFO:CONSOLE(1)] "Tolerating undeletable intrinsics.%FunctionPrototype%.bind.prototype === undefined", source: chrome-extension://nkbihfbeogaeaoehlefnkodbefgpgknn/sentry-install.js (1)
[75059:259:0604/111729.761578:INFO:CONSOLE(1)] "Removing intrinsics.%TypedArrayPrototype%.toReversed", source: chrome-extension://nkbihfbeogaeaoehlefnkodbefgpgknn/sentry-install.js (1)
[75059:259:0604/111729.763384:INFO:CONSOLE(1)] "Removing intrinsics.%TypedArrayPrototype%.toSorted", source: chrome-extension://nkbihfbeogaeaoehlefnkodbefgpgknn/sentry-install.js (1)
[75059:259:0604/111729.764869:INFO:CONSOLE(1)] "Removing intrinsics.%TypedArrayPrototype%.with", source: chrome-extension://nkbihfbeogaeaoehlefnkodbefgpgknn/sentry-install.js (1)
[75059:259:0604/111729.928756:INFO:CONSOLE(1)] "Property eval will not be hardened because it is scuttled by LavaMoat protection. Visit https://github.com/LavaMoat/LavaMoat/pull/360 to learn more.", source: chrome-extension://nkbihfbeogaeaoehlefnkodbefgpgknn/sentry-install.js (1)
[75059:259:0604/111730.537141:INFO:CONSOLE(1)] "missing dep: ethjs>number-to-bn>bn.js requested buffer", source: chrome-extension://nkbihfbeogaeaoehlefnkodbefgpgknn/sentry-install.js (1)
[75059:259:0604/111730.568890:INFO:CONSOLE(1)] "missing dep: ethjs-contract>ethjs-abi>bn.js requested buffer", source: chrome-extension://nkbihfbeogaeaoehlefnkodbefgpgknn/sentry-install.js (1)
[75059:259:0604/111730.570094:INFO:CONSOLE(1)] "missing dep: ethjs>bn.js requested buffer", source: chrome-extension://nkbihfbeogaeaoehlefnkodbefgpgknn/sentry-install.js (1)
[75059:259:0604/111730.570655:INFO:CONSOLE(1)] "missing dep: ethjs>ethjs-unit>bn.js requested buffer", source: chrome-extension://nkbihfbeogaeaoehlefnkodbefgpgknn/sentry-install.js (1)
[75059:259:0604/111730.924681:INFO:CONSOLE(1)] "WARNING: Missing strong random number source", source: chrome-extension://nkbihfbeogaeaoehlefnkodbefgpgknn/sentry-install.js (1)
[75059:259:0604/111731.158704:INFO:CONSOLE(1)] "missing dep: @metamask/eth-token-tracker>ethjs>bn.js requested buffer", source: chrome-extension://nkbihfbeogaeaoehlefnkodbefgpgknn/sentry-install.js (1)
[75059:259:0604/111733.274675:INFO:CONSOLE(6)] "SNOW INTERCEPTED NEW WINDOW CREATION IN METAMASK APP:  [object Window] null", source: chrome-extension://nkbihfbeogaeaoehlefnkodbefgpgknn/use-snow.js (6)
[75059:259:0604/111733.301928:INFO:CONSOLE(6)] "SNOW INTERCEPTED NEW WINDOW CREATION IN METAMASK APP:  [object Window] null", source: chrome-extension://nkbihfbeogaeaoehlefnkodbefgpgknn/use-snow.js (6)
[75059:259:0604/111733.581049:INFO:CONSOLE(1)] "Setting up Sentry Remote Error Reporting for 'production': SENTRY_DSN", source: chrome-extension://nkbihfbeogaeaoehlefnkodbefgpgknn/sentry-install.js (1)
[75059:259:0604/111733.768386:INFO:CONSOLE(1)] "Removing intrinsics.JSON.rawJSON", source: chrome-extension://nkbihfbeogaeaoehlefnkodbefgpgknn/sentry-install.js (1)
[75059:259:0604/111733.768614:INFO:CONSOLE(1)] "Removing intrinsics.JSON.isRawJSON", source: chrome-extension://nkbihfbeogaeaoehlefnkodbefgpgknn/sentry-install.js (1)
[75059:259:0604/111733.768688:INFO:CONSOLE(1)] "Removing intrinsics.%ArrayPrototype%.toReversed", source: chrome-extension://nkbihfbeogaeaoehlefnkodbefgpgknn/sentry-install.js (1)
[75059:259:0604/111733.768740:INFO:CONSOLE(1)] "Removing intrinsics.%ArrayPrototype%.toSorted", source: chrome-extension://nkbihfbeogaeaoehlefnkodbefgpgknn/sentry-install.js (1)
[75059:259:0604/111733.769090:INFO:CONSOLE(1)] "Removing intrinsics.%ArrayPrototype%.toSpliced", source: chrome-extension://nkbihfbeogaeaoehlefnkodbefgpgknn/sentry-install.js (1)
[75059:259:0604/111733.769289:INFO:CONSOLE(1)] "Removing intrinsics.%ArrayPrototype%.with", source: chrome-extension://nkbihfbeogaeaoehlefnkodbefgpgknn/sentry-install.js (1)
[75059:259:0604/111733.770667:INFO:CONSOLE(1)] "Removing intrinsics.%ArrayPrototype%.@@unscopables.toReversed", source: chrome-extension://nkbihfbeogaeaoehlefnkodbefgpgknn/sentry-install.js (1)
[75059:259:0604/111733.771452:INFO:CONSOLE(1)] "Removing intrinsics.%ArrayPrototype%.@@unscopables.toSorted", source: chrome-extension://nkbihfbeogaeaoehlefnkodbefgpgknn/sentry-install.js (1)
[75059:259:0604/111733.771990:INFO:CONSOLE(1)] "Removing intrinsics.%ArrayPrototype%.@@unscopables.toSpliced", source: chrome-extension://nkbihfbeogaeaoehlefnkodbefgpgknn/sentry-install.js (1)
[75059:259:0604/111733.773037:INFO:CONSOLE(1)] "Removing intrinsics.%ArrayBufferPrototype%.transferToFixedLength", source: chrome-extension://nkbihfbeogaeaoehlefnkodbefgpgknn/sentry-install.js (1)
[75059:259:0604/111733.773459:INFO:CONSOLE(1)] "Removing intrinsics.%ArrayBufferPrototype%.detached", source: chrome-extension://nkbihfbeogaeaoehlefnkodbefgpgknn/sentry-install.js (1)
[75059:259:0604/111733.774590:INFO:CONSOLE(1)] "Removing intrinsics.%StringPrototype%.isWellFormed", source: chrome-extension://nkbihfbeogaeaoehlefnkodbefgpgknn/sentry-install.js (1)
[75059:259:0604/111733.775227:INFO:CONSOLE(1)] "Removing intrinsics.%StringPrototype%.toWellFormed", source: chrome-extension://nkbihfbeogaeaoehlefnkodbefgpgknn/sentry-install.js (1)
[75059:259:0604/111733.776087:INFO:CONSOLE(1)] "Removing intrinsics.%RegExpPrototype%.unicodeSets", source: chrome-extension://nkbihfbeogaeaoehlefnkodbefgpgknn/sentry-install.js (1)
[75059:259:0604/111733.777450:INFO:CONSOLE(1)] "Removing intrinsics.%FunctionPrototype%.apply.prototype", source: chrome-extension://nkbihfbeogaeaoehlefnkodbefgpgknn/sentry-install.js (1)
[75059:259:0604/111733.777523:INFO:CONSOLE(1)] "Tolerating undeletable intrinsics.%FunctionPrototype%.apply.prototype === undefined", source: chrome-extension://nkbihfbeogaeaoehlefnkodbefgpgknn/sentry-install.js (1)
[75059:259:0604/111733.778540:INFO:CONSOLE(1)] "Removing intrinsics.%FunctionPrototype%.bind.prototype", source: chrome-extension://nkbihfbeogaeaoehlefnkodbefgpgknn/sentry-install.js (1)
[75059:259:0604/111733.778747:INFO:CONSOLE(1)] "Tolerating undeletable intrinsics.%FunctionPrototype%.bind.prototype === undefined", source: chrome-extension://nkbihfbeogaeaoehlefnkodbefgpgknn/sentry-install.js (1)
[75059:259:0604/111733.779470:INFO:CONSOLE(1)] "Removing intrinsics.%TypedArrayPrototype%.toReversed", source: chrome-extension://nkbihfbeogaeaoehlefnkodbefgpgknn/sentry-install.js (1)
[75059:259:0604/111733.779962:INFO:CONSOLE(1)] "Removing intrinsics.%TypedArrayPrototype%.toSorted", source: chrome-extension://nkbihfbeogaeaoehlefnkodbefgpgknn/sentry-install.js (1)
[75059:259:0604/111733.780708:INFO:CONSOLE(1)] "Removing intrinsics.%TypedArrayPrototype%.with", source: chrome-extension://nkbihfbeogaeaoehlefnkodbefgpgknn/sentry-install.js (1)
[75059:259:0604/111733.998680:INFO:CONSOLE(1)] "Property eval will not be hardened because it is scuttled by LavaMoat protection. Visit https://github.com/LavaMoat/LavaMoat/pull/360 to learn more.", source: chrome-extension://nkbihfbeogaeaoehlefnkodbefgpgknn/sentry-install.js (1)
[75059:259:0604/111734.632071:INFO:CONSOLE(1)] "missing dep: ethjs>number-to-bn>bn.js requested buffer", source: chrome-extension://nkbihfbeogaeaoehlefnkodbefgpgknn/sentry-install.js (1)
[75059:259:0604/111734.644720:INFO:CONSOLE(1)] "missing dep: ethjs-contract>ethjs-abi>bn.js requested buffer", source: chrome-extension://nkbihfbeogaeaoehlefnkodbefgpgknn/sentry-install.js (1)
[75059:259:0604/111734.655882:INFO:CONSOLE(1)] "missing dep: ethjs>bn.js requested buffer", source: chrome-extension://nkbihfbeogaeaoehlefnkodbefgpgknn/sentry-install.js (1)
[75059:259:0604/111734.661286:INFO:CONSOLE(1)] "missing dep: ethjs>ethjs-unit>bn.js requested buffer", source: chrome-extension://nkbihfbeogaeaoehlefnkodbefgpgknn/sentry-install.js (1)
[75059:259:0604/111734.989953:INFO:CONSOLE(1)] "WARNING: Missing strong random number source", source: chrome-extension://nkbihfbeogaeaoehlefnkodbefgpgknn/sentry-install.js (1)
[75059:259:0604/111735.517873:INFO:CONSOLE(1)] "missing dep: @metamask/eth-token-tracker>ethjs>bn.js requested buffer", source: chrome-extension://nkbihfbeogaeaoehlefnkodbefgpgknn/sentry-install.js (1)
[75059:259:0604/111740.824929:INFO:CONSOLE(1)] "Removing intrinsics.JSON.rawJSON", source: chrome-extension://nkbihfbeogaeaoehlefnkodbefgpgknn/lockdown-install.js (1)
[75059:259:0604/111740.826016:INFO:CONSOLE(1)] "Removing intrinsics.JSON.isRawJSON", source: chrome-extension://nkbihfbeogaeaoehlefnkodbefgpgknn/lockdown-install.js (1)
[75059:259:0604/111740.827072:INFO:CONSOLE(1)] "Removing intrinsics.%ArrayPrototype%.toReversed", source: chrome-extension://nkbihfbeogaeaoehlefnkodbefgpgknn/lockdown-install.js (1)
[75059:259:0604/111740.827708:INFO:CONSOLE(1)] "Removing intrinsics.%ArrayPrototype%.toSorted", source: chrome-extension://nkbihfbeogaeaoehlefnkodbefgpgknn/lockdown-install.js (1)
[75059:259:0604/111740.828037:INFO:CONSOLE(1)] "Removing intrinsics.%ArrayPrototype%.toSpliced", source: chrome-extension://nkbihfbeogaeaoehlefnkodbefgpgknn/lockdown-install.js (1)
[75059:259:0604/111740.829087:INFO:CONSOLE(1)] "Removing intrinsics.%ArrayPrototype%.with", source: chrome-extension://nkbihfbeogaeaoehlefnkodbefgpgknn/lockdown-install.js (1)
[75059:259:0604/111740.830247:INFO:CONSOLE(1)] "Removing intrinsics.%ArrayPrototype%.@@unscopables.toReversed", source: chrome-extension://nkbihfbeogaeaoehlefnkodbefgpgknn/lockdown-install.js (1)
[75059:259:0604/111740.831023:INFO:CONSOLE(1)] "Removing intrinsics.%ArrayPrototype%.@@unscopables.toSorted", source: chrome-extension://nkbihfbeogaeaoehlefnkodbefgpgknn/lockdown-install.js (1)
[75059:259:0604/111740.832325:INFO:CONSOLE(1)] "Removing intrinsics.%ArrayPrototype%.@@unscopables.toSpliced", source: chrome-extension://nkbihfbeogaeaoehlefnkodbefgpgknn/lockdown-install.js (1)
[75059:259:0604/111740.833249:INFO:CONSOLE(1)] "Removing intrinsics.%ArrayBufferPrototype%.transferToFixedLength", source: chrome-extension://nkbihfbeogaeaoehlefnkodbefgpgknn/lockdown-install.js (1)
[75059:259:0604/111740.834958:INFO:CONSOLE(1)] "Removing intrinsics.%ArrayBufferPrototype%.detached", source: chrome-extension://nkbihfbeogaeaoehlefnkodbefgpgknn/lockdown-install.js (1)
[75059:259:0604/111740.840224:INFO:CONSOLE(1)] "Removing intrinsics.%StringPrototype%.isWellFormed", source: chrome-extension://nkbihfbeogaeaoehlefnkodbefgpgknn/lockdown-install.js (1)
[75059:259:0604/111740.840889:INFO:CONSOLE(1)] "Removing intrinsics.%StringPrototype%.toWellFormed", source: chrome-extension://nkbihfbeogaeaoehlefnkodbefgpgknn/lockdown-install.js (1)
[75059:259:0604/111740.841599:INFO:CONSOLE(1)] "Removing intrinsics.%RegExpPrototype%.unicodeSets", source: chrome-extension://nkbihfbeogaeaoehlefnkodbefgpgknn/lockdown-install.js (1)
[75059:259:0604/111740.842623:INFO:CONSOLE(1)] "Removing intrinsics.%TypedArrayPrototype%.toReversed", source: chrome-extension://nkbihfbeogaeaoehlefnkodbefgpgknn/lockdown-install.js (1)
[75059:259:0604/111740.843174:INFO:CONSOLE(1)] "Removing intrinsics.%TypedArrayPrototype%.toSorted", source: chrome-extension://nkbihfbeogaeaoehlefnkodbefgpgknn/lockdown-install.js (1)
[75059:259:0604/111740.843981:INFO:CONSOLE(1)] "Removing intrinsics.%TypedArrayPrototype%.with", source: chrome-extension://nkbihfbeogaeaoehlefnkodbefgpgknn/lockdown-install.js (1)
[75059:259:0604/111741.727191:INFO:CONSOLE(6)] "SNOW INTERCEPTED NEW WINDOW CREATION IN METAMASK APP:  [object Window] [object HTMLIFrameElement]", source: chrome-extension://nkbihfbeogaeaoehlefnkodbefgpgknn/use-snow.js (6)
[75059:259:0604/111741.734671:INFO:CONSOLE(1)] "Attempted to accept missing unlock approval request", source: chrome-extension://nkbihfbeogaeaoehlefnkodbefgpgknn/sentry-install.js (1)
[75059:259:0604/111741.861628:INFO:CONSOLE(0)] "Error with Permissions-Policy header: Origin trial controlled feature not enabled: 'interest-cohort'.", source:  (0)
[75059:259:0604/111741.908099:INFO:CONSOLE(1)] "Removing intrinsics.JSON.rawJSON", source: chrome-extension://nkbihfbeogaeaoehlefnkodbefgpgknn/lockdown-install.js (1)
[75059:259:0604/111741.908695:INFO:CONSOLE(1)] "Removing intrinsics.JSON.isRawJSON", source: chrome-extension://nkbihfbeogaeaoehlefnkodbefgpgknn/lockdown-install.js (1)
[75059:259:0604/111741.909459:INFO:CONSOLE(1)] "Removing intrinsics.%ArrayPrototype%.toReversed", source: chrome-extension://nkbihfbeogaeaoehlefnkodbefgpgknn/lockdown-install.js (1)
[75059:259:0604/111741.909802:INFO:CONSOLE(1)] "Removing intrinsics.%ArrayPrototype%.toSorted", source: chrome-extension://nkbihfbeogaeaoehlefnkodbefgpgknn/lockdown-install.js (1)
[75059:259:0604/111741.910211:INFO:CONSOLE(1)] "Removing intrinsics.%ArrayPrototype%.toSpliced", source: chrome-extension://nkbihfbeogaeaoehlefnkodbefgpgknn/lockdown-install.js (1)
[75059:259:0604/111741.910651:INFO:CONSOLE(1)] "Removing intrinsics.%ArrayPrototype%.with", source: chrome-extension://nkbihfbeogaeaoehlefnkodbefgpgknn/lockdown-install.js (1)
[75059:259:0604/111741.910962:INFO:CONSOLE(1)] "Removing intrinsics.%ArrayPrototype%.@@unscopables.toReversed", source: chrome-extension://nkbihfbeogaeaoehlefnkodbefgpgknn/lockdown-install.js (1)
[75059:259:0604/111741.911266:INFO:CONSOLE(1)] "Removing intrinsics.%ArrayPrototype%.@@unscopables.toSorted", source: chrome-extension://nkbihfbeogaeaoehlefnkodbefgpgknn/lockdown-install.js (1)
[75059:259:0604/111741.911624:INFO:CONSOLE(1)] "Removing intrinsics.%ArrayPrototype%.@@unscopables.toSpliced", source: chrome-extension://nkbihfbeogaeaoehlefnkodbefgpgknn/lockdown-install.js (1)
[75059:259:0604/111741.911993:INFO:CONSOLE(1)] "Removing intrinsics.%ArrayBufferPrototype%.transferToFixedLength", source: chrome-extension://nkbihfbeogaeaoehlefnkodbefgpgknn/lockdown-install.js (1)
[75059:259:0604/111741.912350:INFO:CONSOLE(1)] "Removing intrinsics.%ArrayBufferPrototype%.detached", source: chrome-extension://nkbihfbeogaeaoehlefnkodbefgpgknn/lockdown-install.js (1)
[75059:259:0604/111741.913146:INFO:CONSOLE(1)] "Removing intrinsics.%StringPrototype%.isWellFormed", source: chrome-extension://nkbihfbeogaeaoehlefnkodbefgpgknn/lockdown-install.js (1)
[75059:259:0604/111741.913576:INFO:CONSOLE(1)] "Removing intrinsics.%StringPrototype%.toWellFormed", source: chrome-extension://nkbihfbeogaeaoehlefnkodbefgpgknn/lockdown-install.js (1)
[75059:259:0604/111741.914582:INFO:CONSOLE(1)] "Removing intrinsics.%RegExpPrototype%.unicodeSets", source: chrome-extension://nkbihfbeogaeaoehlefnkodbefgpgknn/lockdown-install.js (1)
[75059:259:0604/111741.915095:INFO:CONSOLE(1)] "Removing intrinsics.%TypedArrayPrototype%.toReversed", source: chrome-extension://nkbihfbeogaeaoehlefnkodbefgpgknn/lockdown-install.js (1)
[75059:259:0604/111741.915451:INFO:CONSOLE(1)] "Removing intrinsics.%TypedArrayPrototype%.toSorted", source: chrome-extension://nkbihfbeogaeaoehlefnkodbefgpgknn/lockdown-install.js (1)
[75059:259:0604/111741.915766:INFO:CONSOLE(1)] "Removing intrinsics.%TypedArrayPrototype%.with", source: chrome-extension://nkbihfbeogaeaoehlefnkodbefgpgknn/lockdown-install.js (1)
[75059:259:0604/111742.938813:INFO:CONSOLE(373)] "MetaMask < = > Ledger Bridge initialized from https://metamask.github.io/eth-ledger-bridge-keyring/!", source: https://metamask.github.io/eth-ledger-bridge-keyring/bundle.js (373)
[75059:259:0604/111747.791350:INFO:CONSOLE(6)] "SNOW INTERCEPTED NEW WINDOW CREATION IN METAMASK APP:  [object Window] null", source: chrome-extension://nkbihfbeogaeaoehlefnkodbefgpgknn/use-snow.js (6)
[75059:259:0604/111747.792302:INFO:CONSOLE(6)] "SNOW INTERCEPTED NEW WINDOW CREATION IN METAMASK APP:  [object Window] null", source: chrome-extension://nkbihfbeogaeaoehlefnkodbefgpgknn/use-snow.js (6)
[75059:259:0604/111747.807768:INFO:CONSOLE(1)] "Setting up Sentry Remote Error Reporting for 'production': SENTRY_DSN", source: chrome-extension://nkbihfbeogaeaoehlefnkodbefgpgknn/sentry-install.js (1)
[75059:259:0604/111748.052571:INFO:CONSOLE(1)] "Removing intrinsics.JSON.rawJSON", source: chrome-extension://nkbihfbeogaeaoehlefnkodbefgpgknn/sentry-install.js (1)
[75059:259:0604/111748.053222:INFO:CONSOLE(1)] "Removing intrinsics.JSON.isRawJSON", source: chrome-extension://nkbihfbeogaeaoehlefnkodbefgpgknn/sentry-install.js (1)
[75059:259:0604/111748.054382:INFO:CONSOLE(1)] "Removing intrinsics.%ArrayPrototype%.toReversed", source: chrome-extension://nkbihfbeogaeaoehlefnkodbefgpgknn/sentry-install.js (1)
[75059:259:0604/111748.059006:INFO:CONSOLE(1)] "Removing intrinsics.%ArrayPrototype%.toSorted", source: chrome-extension://nkbihfbeogaeaoehlefnkodbefgpgknn/sentry-install.js (1)
[75059:259:0604/111748.059449:INFO:CONSOLE(1)] "Removing intrinsics.%ArrayPrototype%.toSpliced", source: chrome-extension://nkbihfbeogaeaoehlefnkodbefgpgknn/sentry-install.js (1)
[75059:259:0604/111748.059578:INFO:CONSOLE(1)] "Removing intrinsics.%ArrayPrototype%.with", source: chrome-extension://nkbihfbeogaeaoehlefnkodbefgpgknn/sentry-install.js (1)
[75059:259:0604/111748.059675:INFO:CONSOLE(1)] "Removing intrinsics.%ArrayPrototype%.@@unscopables.toReversed", source: chrome-extension://nkbihfbeogaeaoehlefnkodbefgpgknn/sentry-install.js (1)
[75059:259:0604/111748.059759:INFO:CONSOLE(1)] "Removing intrinsics.%ArrayPrototype%.@@unscopables.toSorted", source: chrome-extension://nkbihfbeogaeaoehlefnkodbefgpgknn/sentry-install.js (1)
[75059:259:0604/111748.059846:INFO:CONSOLE(1)] "Removing intrinsics.%ArrayPrototype%.@@unscopables.toSpliced", source: chrome-extension://nkbihfbeogaeaoehlefnkodbefgpgknn/sentry-install.js (1)
[75059:259:0604/111748.059907:INFO:CONSOLE(1)] "Removing intrinsics.%ArrayBufferPrototype%.transferToFixedLength", source: chrome-extension://nkbihfbeogaeaoehlefnkodbefgpgknn/sentry-install.js (1)
[75059:259:0604/111748.060525:INFO:CONSOLE(1)] "Removing intrinsics.%ArrayBufferPrototype%.detached", source: chrome-extension://nkbihfbeogaeaoehlefnkodbefgpgknn/sentry-install.js (1)
[75059:259:0604/111748.061306:INFO:CONSOLE(1)] "Removing intrinsics.%StringPrototype%.isWellFormed", source: chrome-extension://nkbihfbeogaeaoehlefnkodbefgpgknn/sentry-install.js (1)
[75059:259:0604/111748.061803:INFO:CONSOLE(1)] "Removing intrinsics.%StringPrototype%.toWellFormed", source: chrome-extension://nkbihfbeogaeaoehlefnkodbefgpgknn/sentry-install.js (1)
[75059:259:0604/111748.063850:INFO:CONSOLE(1)] "Removing intrinsics.%RegExpPrototype%.unicodeSets", source: chrome-extension://nkbihfbeogaeaoehlefnkodbefgpgknn/sentry-install.js (1)
[75059:259:0604/111748.064672:INFO:CONSOLE(1)] "Removing intrinsics.%FunctionPrototype%.apply.prototype", source: chrome-extension://nkbihfbeogaeaoehlefnkodbefgpgknn/sentry-install.js (1)
[75059:259:0604/111748.064867:INFO:CONSOLE(1)] "Tolerating undeletable intrinsics.%FunctionPrototype%.apply.prototype === undefined", source: chrome-extension://nkbihfbeogaeaoehlefnkodbefgpgknn/sentry-install.js (1)
[75059:259:0604/111748.067129:INFO:CONSOLE(1)] "Removing intrinsics.%FunctionPrototype%.bind.prototype", source: chrome-extension://nkbihfbeogaeaoehlefnkodbefgpgknn/sentry-install.js (1)
[75059:259:0604/111748.067386:INFO:CONSOLE(1)] "Tolerating undeletable intrinsics.%FunctionPrototype%.bind.prototype === undefined", source: chrome-extension://nkbihfbeogaeaoehlefnkodbefgpgknn/sentry-install.js (1)
[75059:259:0604/111748.068024:INFO:CONSOLE(1)] "Removing intrinsics.%TypedArrayPrototype%.toReversed", source: chrome-extension://nkbihfbeogaeaoehlefnkodbefgpgknn/sentry-install.js (1)
[75059:259:0604/111748.068493:INFO:CONSOLE(1)] "Removing intrinsics.%TypedArrayPrototype%.toSorted", source: chrome-extension://nkbihfbeogaeaoehlefnkodbefgpgknn/sentry-install.js (1)
[75059:259:0604/111748.068823:INFO:CONSOLE(1)] "Removing intrinsics.%TypedArrayPrototype%.with", source: chrome-extension://nkbihfbeogaeaoehlefnkodbefgpgknn/sentry-install.js (1)
[75059:259:0604/111748.184788:INFO:CONSOLE(1)] "Property eval will not be hardened because it is scuttled by LavaMoat protection. Visit https://github.com/LavaMoat/LavaMoat/pull/360 to learn more.", source: chrome-extension://nkbihfbeogaeaoehlefnkodbefgpgknn/sentry-install.js (1)
[75059:259:0604/111748.667621:INFO:CONSOLE(6)] "SNOW INTERCEPTED NEW WINDOW CREATION IN METAMASK APP:  [object Window] null", source: chrome-extension://nkbihfbeogaeaoehlefnkodbefgpgknn/use-snow.js (6)
[75059:259:0604/111748.668547:INFO:CONSOLE(6)] "SNOW INTERCEPTED NEW WINDOW CREATION IN METAMASK APP:  [object Window] null", source: chrome-extension://nkbihfbeogaeaoehlefnkodbefgpgknn/use-snow.js (6)
[75059:259:0604/111748.703970:INFO:CONSOLE(1)] "Setting up Sentry Remote Error Reporting for 'production': SENTRY_DSN", source: chrome-extension://nkbihfbeogaeaoehlefnkodbefgpgknn/sentry-install.js (1)
[75059:259:0604/111749.020484:INFO:CONSOLE(1)] "Removing intrinsics.JSON.rawJSON", source: chrome-extension://nkbihfbeogaeaoehlefnkodbefgpgknn/sentry-install.js (1)
[75059:259:0604/111749.020780:INFO:CONSOLE(1)] "Removing intrinsics.JSON.isRawJSON", source: chrome-extension://nkbihfbeogaeaoehlefnkodbefgpgknn/sentry-install.js (1)
[75059:259:0604/111749.020915:INFO:CONSOLE(1)] "Removing intrinsics.%ArrayPrototype%.toReversed", source: chrome-extension://nkbihfbeogaeaoehlefnkodbefgpgknn/sentry-install.js (1)
[75059:259:0604/111749.021020:INFO:CONSOLE(1)] "Removing intrinsics.%ArrayPrototype%.toSorted", source: chrome-extension://nkbihfbeogaeaoehlefnkodbefgpgknn/sentry-install.js (1)
[75059:259:0604/111749.021098:INFO:CONSOLE(1)] "Removing intrinsics.%ArrayPrototype%.toSpliced", source: chrome-extension://nkbihfbeogaeaoehlefnkodbefgpgknn/sentry-install.js (1)
[75059:259:0604/111749.021228:INFO:CONSOLE(1)] "Removing intrinsics.%ArrayPrototype%.with", source: chrome-extension://nkbihfbeogaeaoehlefnkodbefgpgknn/sentry-install.js (1)
[75059:259:0604/111749.021313:INFO:CONSOLE(1)] "Removing intrinsics.%ArrayPrototype%.@@unscopables.toReversed", source: chrome-extension://nkbihfbeogaeaoehlefnkodbefgpgknn/sentry-install.js (1)
[75059:259:0604/111749.021379:INFO:CONSOLE(1)] "Removing intrinsics.%ArrayPrototype%.@@unscopables.toSorted", source: chrome-extension://nkbihfbeogaeaoehlefnkodbefgpgknn/sentry-install.js (1)
[75059:259:0604/111749.021441:INFO:CONSOLE(1)] "Removing intrinsics.%ArrayPrototype%.@@unscopables.toSpliced", source: chrome-extension://nkbihfbeogaeaoehlefnkodbefgpgknn/sentry-install.js (1)
[75059:259:0604/111749.021517:INFO:CONSOLE(1)] "Removing intrinsics.%ArrayBufferPrototype%.transferToFixedLength", source: chrome-extension://nkbihfbeogaeaoehlefnkodbefgpgknn/sentry-install.js (1)
[75059:259:0604/111749.021579:INFO:CONSOLE(1)] "Removing intrinsics.%ArrayBufferPrototype%.detached", source: chrome-extension://nkbihfbeogaeaoehlefnkodbefgpgknn/sentry-install.js (1)
[75059:259:0604/111749.021648:INFO:CONSOLE(1)] "Removing intrinsics.%StringPrototype%.isWellFormed", source: chrome-extension://nkbihfbeogaeaoehlefnkodbefgpgknn/sentry-install.js (1)
[75059:259:0604/111749.021721:INFO:CONSOLE(1)] "Removing intrinsics.%StringPrototype%.toWellFormed", source: chrome-extension://nkbihfbeogaeaoehlefnkodbefgpgknn/sentry-install.js (1)
[75059:259:0604/111749.021786:INFO:CONSOLE(1)] "Removing intrinsics.%RegExpPrototype%.unicodeSets", source: chrome-extension://nkbihfbeogaeaoehlefnkodbefgpgknn/sentry-install.js (1)
[75059:259:0604/111749.021845:INFO:CONSOLE(1)] "Removing intrinsics.%FunctionPrototype%.apply.prototype", source: chrome-extension://nkbihfbeogaeaoehlefnkodbefgpgknn/sentry-install.js (1)
[75059:259:0604/111749.021916:INFO:CONSOLE(1)] "Tolerating undeletable intrinsics.%FunctionPrototype%.apply.prototype === undefined", source: chrome-extension://nkbihfbeogaeaoehlefnkodbefgpgknn/sentry-install.js (1)
[75059:259:0604/111749.021980:INFO:CONSOLE(1)] "Removing intrinsics.%FunctionPrototype%.bind.prototype", source: chrome-extension://nkbihfbeogaeaoehlefnkodbefgpgknn/sentry-install.js (1)
[75059:259:0604/111749.022051:INFO:CONSOLE(1)] "Tolerating undeletable intrinsics.%FunctionPrototype%.bind.prototype === undefined", source: chrome-extension://nkbihfbeogaeaoehlefnkodbefgpgknn/sentry-install.js (1)
[75059:259:0604/111749.022123:INFO:CONSOLE(1)] "Removing intrinsics.%TypedArrayPrototype%.toReversed", source: chrome-extension://nkbihfbeogaeaoehlefnkodbefgpgknn/sentry-install.js (1)
[75059:259:0604/111749.022221:INFO:CONSOLE(1)] "Removing intrinsics.%TypedArrayPrototype%.toSorted", source: chrome-extension://nkbihfbeogaeaoehlefnkodbefgpgknn/sentry-install.js (1)
[75059:259:0604/111749.022293:INFO:CONSOLE(1)] "Removing intrinsics.%TypedArrayPrototype%.with", source: chrome-extension://nkbihfbeogaeaoehlefnkodbefgpgknn/sentry-install.js (1)
[75059:259:0604/111749.082224:INFO:CONSOLE(1)] "Property eval will not be hardened because it is scuttled by LavaMoat protection. Visit https://github.com/LavaMoat/LavaMoat/pull/360 to learn more.", source: chrome-extension://nkbihfbeogaeaoehlefnkodbefgpgknn/sentry-install.js (1)
[75059:259:0604/111749.153810:INFO:CONSOLE(1)] "missing dep: ethjs>number-to-bn>bn.js requested buffer", source: chrome-extension://nkbihfbeogaeaoehlefnkodbefgpgknn/sentry-install.js (1)
[75059:259:0604/111749.183268:INFO:CONSOLE(1)] "missing dep: ethjs-contract>ethjs-abi>bn.js requested buffer", source: chrome-extension://nkbihfbeogaeaoehlefnkodbefgpgknn/sentry-install.js (1)
[75059:259:0604/111749.244596:INFO:CONSOLE(1)] "missing dep: ethjs>bn.js requested buffer", source: chrome-extension://nkbihfbeogaeaoehlefnkodbefgpgknn/sentry-install.js (1)
[75059:259:0604/111749.253159:INFO:CONSOLE(1)] "missing dep: ethjs>ethjs-unit>bn.js requested buffer", source: chrome-extension://nkbihfbeogaeaoehlefnkodbefgpgknn/sentry-install.js (1)
[75059:259:0604/111749.716963:INFO:CONSOLE(1)] "WARNING: Missing strong random number source", source: chrome-extension://nkbihfbeogaeaoehlefnkodbefgpgknn/sentry-install.js (1)
[75059:259:0604/111750.054490:INFO:CONSOLE(1)] "missing dep: @metamask/eth-token-tracker>ethjs>bn.js requested buffer", source: chrome-extension://nkbihfbeogaeaoehlefnkodbefgpgknn/sentry-install.js (1)
[75059:259:0604/111752.189172:INFO:CONSOLE(1)] "missing dep: ethjs>number-to-bn>bn.js requested buffer", source: chrome-extension://nkbihfbeogaeaoehlefnkodbefgpgknn/sentry-install.js (1)
[75059:259:0604/111752.189406:INFO:CONSOLE(1)] "missing dep: ethjs-contract>ethjs-abi>bn.js requested buffer", source: chrome-extension://nkbihfbeogaeaoehlefnkodbefgpgknn/sentry-install.js (1)
[75059:259:0604/111752.197202:INFO:CONSOLE(1)] "missing dep: ethjs>bn.js requested buffer", source: chrome-extension://nkbihfbeogaeaoehlefnkodbefgpgknn/sentry-install.js (1)
[75059:259:0604/111752.199044:INFO:CONSOLE(1)] "missing dep: ethjs>ethjs-unit>bn.js requested buffer", source: chrome-extension://nkbihfbeogaeaoehlefnkodbefgpgknn/sentry-install.js (1)
[75059:259:0604/111752.824617:INFO:CONSOLE(1)] "WARNING: Missing strong random number source", source: chrome-extension://nkbihfbeogaeaoehlefnkodbefgpgknn/sentry-install.js (1)
[75059:259:0604/111752.990187:INFO:CONSOLE(1)] "missing dep: @metamask/eth-token-tracker>ethjs>bn.js requested buffer", source: chrome-extension://nkbihfbeogaeaoehlefnkodbefgpgknn/sentry-install.js (1)
[75059:259:0604/111758.112406:INFO:CONSOLE(1)] "TypeError: Cannot read properties of undefined (reading 'text_signature')", source: chrome-extension://nkbihfbeogaeaoehlefnkodbefgpgknn/sentry-install.js (1)
[75059:259:0604/111758.242672:INFO:CONSOLE(1)] "TypeError: Cannot read properties of undefined (reading 'text_signature')", source: chrome-extension://nkbihfbeogaeaoehlefnkodbefgpgknn/sentry-install.js (1)
[75059:259:0604/111800.582507:INFO:CONSOLE(1)] "Failed to accept transaction approval request Error: Approval request with id '8395181099853689' not found.", source: chrome-extension://nkbihfbeogaeaoehlefnkodbefgpgknn/sentry-install.js (1)
[75059:259:0604/111800.990819:INFO:CONSOLE(1)] "Removing intrinsics.JSON.rawJSON", source: chrome-extension://nkbihfbeogaeaoehlefnkodbefgpgknn/lockdown-install.js (1)
[75059:259:0604/111800.991625:INFO:CONSOLE(1)] "Removing intrinsics.JSON.isRawJSON", source: chrome-extension://nkbihfbeogaeaoehlefnkodbefgpgknn/lockdown-install.js (1)
[75059:259:0604/111800.993086:INFO:CONSOLE(1)] "Removing intrinsics.%ArrayPrototype%.toReversed", source: chrome-extension://nkbihfbeogaeaoehlefnkodbefgpgknn/lockdown-install.js (1)
[75059:259:0604/111800.993824:INFO:CONSOLE(1)] "Removing intrinsics.%ArrayPrototype%.toSorted", source: chrome-extension://nkbihfbeogaeaoehlefnkodbefgpgknn/lockdown-install.js (1)
[75059:259:0604/111800.994443:INFO:CONSOLE(1)] "Removing intrinsics.%ArrayPrototype%.toSpliced", source: chrome-extension://nkbihfbeogaeaoehlefnkodbefgpgknn/lockdown-install.js (1)
[75059:259:0604/111800.995286:INFO:CONSOLE(1)] "Removing intrinsics.%ArrayPrototype%.with", source: chrome-extension://nkbihfbeogaeaoehlefnkodbefgpgknn/lockdown-install.js (1)
[75059:259:0604/111800.996495:INFO:CONSOLE(1)] "Removing intrinsics.%ArrayPrototype%.@@unscopables.toReversed", source: chrome-extension://nkbihfbeogaeaoehlefnkodbefgpgknn/lockdown-install.js (1)
[75059:259:0604/111800.997293:INFO:CONSOLE(1)] "Removing intrinsics.%ArrayPrototype%.@@unscopables.toSorted", source: chrome-extension://nkbihfbeogaeaoehlefnkodbefgpgknn/lockdown-install.js (1)
[75059:259:0604/111800.997884:INFO:CONSOLE(1)] "Removing intrinsics.%ArrayPrototype%.@@unscopables.toSpliced", source: chrome-extension://nkbihfbeogaeaoehlefnkodbefgpgknn/lockdown-install.js (1)
[75059:259:0604/111800.998588:INFO:CONSOLE(1)] "Removing intrinsics.%ArrayBufferPrototype%.transferToFixedLength", source: chrome-extension://nkbihfbeogaeaoehlefnkodbefgpgknn/lockdown-install.js (1)
[75059:259:0604/111800.999042:INFO:CONSOLE(1)] "Removing intrinsics.%ArrayBufferPrototype%.detached", source: chrome-extension://nkbihfbeogaeaoehlefnkodbefgpgknn/lockdown-install.js (1)
[75059:259:0604/111801.000393:INFO:CONSOLE(1)] "Removing intrinsics.%StringPrototype%.isWellFormed", source: chrome-extension://nkbihfbeogaeaoehlefnkodbefgpgknn/lockdown-install.js (1)
[75059:259:0604/111801.000993:INFO:CONSOLE(1)] "Removing intrinsics.%StringPrototype%.toWellFormed", source: chrome-extension://nkbihfbeogaeaoehlefnkodbefgpgknn/lockdown-install.js (1)
[75059:259:0604/111801.001891:INFO:CONSOLE(1)] "Removing intrinsics.%RegExpPrototype%.unicodeSets", source: chrome-extension://nkbihfbeogaeaoehlefnkodbefgpgknn/lockdown-install.js (1)
[75059:259:0604/111801.002706:INFO:CONSOLE(1)] "Removing intrinsics.%TypedArrayPrototype%.toReversed", source: chrome-extension://nkbihfbeogaeaoehlefnkodbefgpgknn/lockdown-install.js (1)
[75059:259:0604/111801.003346:INFO:CONSOLE(1)] "Removing intrinsics.%TypedArrayPrototype%.toSorted", source: chrome-extension://nkbihfbeogaeaoehlefnkodbefgpgknn/lockdown-install.js (1)
[75059:259:0604/111801.003852:INFO:CONSOLE(1)] "Removing intrinsics.%TypedArrayPrototype%.with", source: chrome-extension://nkbihfbeogaeaoehlefnkodbefgpgknn/lockdown-install.js (1)
[75059:259:0604/111802.875091:INFO:CONSOLE(1)] "TypeError: Cannot read properties of undefined (reading 'text_signature')", source: chrome-extension://nkbihfbeogaeaoehlefnkodbefgpgknn/sentry-install.js (1)
[75059:259:0604/111811.223066:INFO:CONSOLE(6)] "SNOW INTERCEPTED NEW WINDOW CREATION IN METAMASK APP:  [object Window] null", source: chrome-extension://nkbihfbeogaeaoehlefnkodbefgpgknn/use-snow.js (6)
[75059:259:0604/111811.224907:INFO:CONSOLE(6)] "SNOW INTERCEPTED NEW WINDOW CREATION IN METAMASK APP:  [object Window] null", source: chrome-extension://nkbihfbeogaeaoehlefnkodbefgpgknn/use-snow.js (6)
[75059:259:0604/111811.318670:INFO:CONSOLE(1)] "Setting up Sentry Remote Error Reporting for 'production': SENTRY_DSN", source: chrome-extension://nkbihfbeogaeaoehlefnkodbefgpgknn/sentry-install.js (1)
[75059:259:0604/111811.463626:INFO:CONSOLE(1)] "Removing intrinsics.JSON.rawJSON", source: chrome-extension://nkbihfbeogaeaoehlefnkodbefgpgknn/sentry-install.js (1)
[75059:259:0604/111811.464723:INFO:CONSOLE(1)] "Removing intrinsics.JSON.isRawJSON", source: chrome-extension://nkbihfbeogaeaoehlefnkodbefgpgknn/sentry-install.js (1)
[75059:259:0604/111811.466741:INFO:CONSOLE(1)] "Removing intrinsics.%ArrayPrototype%.toReversed", source: chrome-extension://nkbihfbeogaeaoehlefnkodbefgpgknn/sentry-install.js (1)
[75059:259:0604/111811.467646:INFO:CONSOLE(1)] "Removing intrinsics.%ArrayPrototype%.toSorted", source: chrome-extension://nkbihfbeogaeaoehlefnkodbefgpgknn/sentry-install.js (1)
[75059:259:0604/111811.468334:INFO:CONSOLE(1)] "Removing intrinsics.%ArrayPrototype%.toSpliced", source: chrome-extension://nkbihfbeogaeaoehlefnkodbefgpgknn/sentry-install.js (1)
[75059:259:0604/111811.469446:INFO:CONSOLE(1)] "Removing intrinsics.%ArrayPrototype%.with", source: chrome-extension://nkbihfbeogaeaoehlefnkodbefgpgknn/sentry-install.js (1)
[75059:259:0604/111811.471714:INFO:CONSOLE(1)] "Removing intrinsics.%ArrayPrototype%.@@unscopables.toReversed", source: chrome-extension://nkbihfbeogaeaoehlefnkodbefgpgknn/sentry-install.js (1)
[75059:259:0604/111811.473143:INFO:CONSOLE(1)] "Removing intrinsics.%ArrayPrototype%.@@unscopables.toSorted", source: chrome-extension://nkbihfbeogaeaoehlefnkodbefgpgknn/sentry-install.js (1)
[75059:259:0604/111811.474303:INFO:CONSOLE(1)] "Removing intrinsics.%ArrayPrototype%.@@unscopables.toSpliced", source: chrome-extension://nkbihfbeogaeaoehlefnkodbefgpgknn/sentry-install.js (1)
[75059:259:0604/111811.475217:INFO:CONSOLE(1)] "Removing intrinsics.%ArrayBufferPrototype%.transferToFixedLength", source: chrome-extension://nkbihfbeogaeaoehlefnkodbefgpgknn/sentry-install.js (1)
[75059:259:0604/111811.475945:INFO:CONSOLE(1)] "Removing intrinsics.%ArrayBufferPrototype%.detached", source: chrome-extension://nkbihfbeogaeaoehlefnkodbefgpgknn/sentry-install.js (1)
[75059:259:0604/111811.477263:INFO:CONSOLE(1)] "Removing intrinsics.%StringPrototype%.isWellFormed", source: chrome-extension://nkbihfbeogaeaoehlefnkodbefgpgknn/sentry-install.js (1)
[75059:259:0604/111811.478034:INFO:CONSOLE(1)] "Removing intrinsics.%StringPrototype%.toWellFormed", source: chrome-extension://nkbihfbeogaeaoehlefnkodbefgpgknn/sentry-install.js (1)
[75059:259:0604/111811.479024:INFO:CONSOLE(1)] "Removing intrinsics.%RegExpPrototype%.unicodeSets", source: chrome-extension://nkbihfbeogaeaoehlefnkodbefgpgknn/sentry-install.js (1)
[75059:259:0604/111811.479856:INFO:CONSOLE(1)] "Removing intrinsics.%FunctionPrototype%.apply.prototype", source: chrome-extension://nkbihfbeogaeaoehlefnkodbefgpgknn/sentry-install.js (1)
[75059:259:0604/111811.480812:INFO:CONSOLE(1)] "Tolerating undeletable intrinsics.%FunctionPrototype%.apply.prototype === undefined", source: chrome-extension://nkbihfbeogaeaoehlefnkodbefgpgknn/sentry-install.js (1)
[75059:259:0604/111811.481710:INFO:CONSOLE(1)] "Removing intrinsics.%FunctionPrototype%.bind.prototype", source: chrome-extension://nkbihfbeogaeaoehlefnkodbefgpgknn/sentry-install.js (1)
[75059:259:0604/111811.482506:INFO:CONSOLE(1)] "Tolerating undeletable intrinsics.%FunctionPrototype%.bind.prototype === undefined", source: chrome-extension://nkbihfbeogaeaoehlefnkodbefgpgknn/sentry-install.js (1)
[75059:259:0604/111811.484011:INFO:CONSOLE(1)] "Removing intrinsics.%TypedArrayPrototype%.toReversed", source: chrome-extension://nkbihfbeogaeaoehlefnkodbefgpgknn/sentry-install.js (1)
[75059:259:0604/111811.484769:INFO:CONSOLE(1)] "Removing intrinsics.%TypedArrayPrototype%.toSorted", source: chrome-extension://nkbihfbeogaeaoehlefnkodbefgpgknn/sentry-install.js (1)
[75059:259:0604/111811.485544:INFO:CONSOLE(1)] "Removing intrinsics.%TypedArrayPrototype%.with", source: chrome-extension://nkbihfbeogaeaoehlefnkodbefgpgknn/sentry-install.js (1)
[75059:259:0604/111811.745866:INFO:CONSOLE(1)] "Property eval will not be hardened because it is scuttled by LavaMoat protection. Visit https://github.com/LavaMoat/LavaMoat/pull/360 to learn more.", source: chrome-extension://nkbihfbeogaeaoehlefnkodbefgpgknn/sentry-install.js (1)
[75059:259:0604/111813.889809:INFO:CONSOLE(1)] "missing dep: ethjs>number-to-bn>bn.js requested buffer", source: chrome-extension://nkbihfbeogaeaoehlefnkodbefgpgknn/sentry-install.js (1)
[75059:259:0604/111813.922588:INFO:CONSOLE(1)] "missing dep: ethjs-contract>ethjs-abi>bn.js requested buffer", source: chrome-extension://nkbihfbeogaeaoehlefnkodbefgpgknn/sentry-install.js (1)
[75059:259:0604/111813.938141:INFO:CONSOLE(1)] "missing dep: ethjs>bn.js requested buffer", source: chrome-extension://nkbihfbeogaeaoehlefnkodbefgpgknn/sentry-install.js (1)
[75059:259:0604/111813.945430:INFO:CONSOLE(1)] "missing dep: ethjs>ethjs-unit>bn.js requested buffer", source: chrome-extension://nkbihfbeogaeaoehlefnkodbefgpgknn/sentry-install.js (1)
[75059:259:0604/111814.479106:INFO:CONSOLE(1)] "WARNING: Missing strong random number source", source: chrome-extension://nkbihfbeogaeaoehlefnkodbefgpgknn/sentry-install.js (1)
[75059:259:0604/111815.183117:INFO:CONSOLE(1)] "missing dep: @metamask/eth-token-tracker>ethjs>bn.js requested buffer", source: chrome-extension://nkbihfbeogaeaoehlefnkodbefgpgknn/sentry-install.js (1)
[75059:259:0604/111819.577568:INFO:CONSOLE(1)] "TypeError: Cannot read properties of undefined (reading 'text_signature')", source: chrome-extension://nkbihfbeogaeaoehlefnkodbefgpgknn/sentry-install.js (1)
[75059:259:0604/111822.870978:INFO:CONSOLE(1)] "Removing intrinsics.JSON.rawJSON", source: chrome-extension://nkbihfbeogaeaoehlefnkodbefgpgknn/lockdown-install.js (1)
[75059:259:0604/111822.872462:INFO:CONSOLE(1)] "Removing intrinsics.JSON.isRawJSON", source: chrome-extension://nkbihfbeogaeaoehlefnkodbefgpgknn/lockdown-install.js (1)
[75059:259:0604/111822.873843:INFO:CONSOLE(1)] "Removing intrinsics.%ArrayPrototype%.toReversed", source: chrome-extension://nkbihfbeogaeaoehlefnkodbefgpgknn/lockdown-install.js (1)
[75059:259:0604/111822.874316:INFO:CONSOLE(1)] "Removing intrinsics.%ArrayPrototype%.toSorted", source: chrome-extension://nkbihfbeogaeaoehlefnkodbefgpgknn/lockdown-install.js (1)
[75059:259:0604/111822.874919:INFO:CONSOLE(1)] "Removing intrinsics.%ArrayPrototype%.toSpliced", source: chrome-extension://nkbihfbeogaeaoehlefnkodbefgpgknn/lockdown-install.js (1)
[75059:259:0604/111822.876194:INFO:CONSOLE(1)] "Removing intrinsics.%ArrayPrototype%.with", source: chrome-extension://nkbihfbeogaeaoehlefnkodbefgpgknn/lockdown-install.js (1)
[75059:259:0604/111822.877127:INFO:CONSOLE(1)] "Removing intrinsics.%ArrayPrototype%.@@unscopables.toReversed", source: chrome-extension://nkbihfbeogaeaoehlefnkodbefgpgknn/lockdown-install.js (1)
[75059:259:0604/111822.878078:INFO:CONSOLE(1)] "Removing intrinsics.%ArrayPrototype%.@@unscopables.toSorted", source: chrome-extension://nkbihfbeogaeaoehlefnkodbefgpgknn/lockdown-install.js (1)
[75059:259:0604/111822.878754:INFO:CONSOLE(1)] "Removing intrinsics.%ArrayPrototype%.@@unscopables.toSpliced", source: chrome-extension://nkbihfbeogaeaoehlefnkodbefgpgknn/lockdown-install.js (1)
[75059:259:0604/111822.879496:INFO:CONSOLE(1)] "Removing intrinsics.%ArrayBufferPrototype%.transferToFixedLength", source: chrome-extension://nkbihfbeogaeaoehlefnkodbefgpgknn/lockdown-install.js (1)
[75059:259:0604/111822.880489:INFO:CONSOLE(1)] "Removing intrinsics.%ArrayBufferPrototype%.detached", source: chrome-extension://nkbihfbeogaeaoehlefnkodbefgpgknn/lockdown-install.js (1)
[75059:259:0604/111822.881503:INFO:CONSOLE(1)] "Removing intrinsics.%StringPrototype%.isWellFormed", source: chrome-extension://nkbihfbeogaeaoehlefnkodbefgpgknn/lockdown-install.js (1)
[75059:259:0604/111822.882839:INFO:CONSOLE(1)] "Removing intrinsics.%StringPrototype%.toWellFormed", source: chrome-extension://nkbihfbeogaeaoehlefnkodbefgpgknn/lockdown-install.js (1)
[75059:259:0604/111822.883123:INFO:CONSOLE(1)] "Removing intrinsics.%RegExpPrototype%.unicodeSets", source: chrome-extension://nkbihfbeogaeaoehlefnkodbefgpgknn/lockdown-install.js (1)
[75059:259:0604/111822.883236:INFO:CONSOLE(1)] "Removing intrinsics.%TypedArrayPrototype%.toReversed", source: chrome-extension://nkbihfbeogaeaoehlefnkodbefgpgknn/lockdown-install.js (1)
[75059:259:0604/111822.885723:INFO:CONSOLE(1)] "Removing intrinsics.%TypedArrayPrototype%.toSorted", source: chrome-extension://nkbihfbeogaeaoehlefnkodbefgpgknn/lockdown-install.js (1)
[75059:259:0604/111822.886203:INFO:CONSOLE(1)] "Removing intrinsics.%TypedArrayPrototype%.with", source: chrome-extension://nkbihfbeogaeaoehlefnkodbefgpgknn/lockdown-install.js (1)
[75059:259:0604/111927.145333:INFO:CONSOLE(6)] "SNOW INTERCEPTED NEW WINDOW CREATION IN METAMASK APP:  [object Window] null", source: chrome-extension://nkbihfbeogaeaoehlefnkodbefgpgknn/use-snow.js (6)
[75059:259:0604/111927.145760:INFO:CONSOLE(6)] "SNOW INTERCEPTED NEW WINDOW CREATION IN METAMASK APP:  [object Window] null", source: chrome-extension://nkbihfbeogaeaoehlefnkodbefgpgknn/use-snow.js (6)
[75059:259:0604/111927.163853:INFO:CONSOLE(1)] "Setting up Sentry Remote Error Reporting for 'production': SENTRY_DSN", source: chrome-extension://nkbihfbeogaeaoehlefnkodbefgpgknn/sentry-install.js (1)
[75059:259:0604/111927.209886:INFO:CONSOLE(1)] "Removing intrinsics.JSON.rawJSON", source: chrome-extension://nkbihfbeogaeaoehlefnkodbefgpgknn/sentry-install.js (1)
[75059:259:0604/111927.210488:INFO:CONSOLE(1)] "Removing intrinsics.JSON.isRawJSON", source: chrome-extension://nkbihfbeogaeaoehlefnkodbefgpgknn/sentry-install.js (1)
[75059:259:0604/111927.211770:INFO:CONSOLE(1)] "Removing intrinsics.%ArrayPrototype%.toReversed", source: chrome-extension://nkbihfbeogaeaoehlefnkodbefgpgknn/sentry-install.js (1)
[75059:259:0604/111927.212183:INFO:CONSOLE(1)] "Removing intrinsics.%ArrayPrototype%.toSorted", source: chrome-extension://nkbihfbeogaeaoehlefnkodbefgpgknn/sentry-install.js (1)
[75059:259:0604/111927.212602:INFO:CONSOLE(1)] "Removing intrinsics.%ArrayPrototype%.toSpliced", source: chrome-extension://nkbihfbeogaeaoehlefnkodbefgpgknn/sentry-install.js (1)
[75059:259:0604/111927.213024:INFO:CONSOLE(1)] "Removing intrinsics.%ArrayPrototype%.with", source: chrome-extension://nkbihfbeogaeaoehlefnkodbefgpgknn/sentry-install.js (1)
[75059:259:0604/111927.213469:INFO:CONSOLE(1)] "Removing intrinsics.%ArrayPrototype%.@@unscopables.toReversed", source: chrome-extension://nkbihfbeogaeaoehlefnkodbefgpgknn/sentry-install.js (1)
[75059:259:0604/111927.213967:INFO:CONSOLE(1)] "Removing intrinsics.%ArrayPrototype%.@@unscopables.toSorted", source: chrome-extension://nkbihfbeogaeaoehlefnkodbefgpgknn/sentry-install.js (1)
[75059:259:0604/111927.214514:INFO:CONSOLE(1)] "Removing intrinsics.%ArrayPrototype%.@@unscopables.toSpliced", source: chrome-extension://nkbihfbeogaeaoehlefnkodbefgpgknn/sentry-install.js (1)
[75059:259:0604/111927.214934:INFO:CONSOLE(1)] "Removing intrinsics.%ArrayBufferPrototype%.transferToFixedLength", source: chrome-extension://nkbihfbeogaeaoehlefnkodbefgpgknn/sentry-install.js (1)
[75059:259:0604/111927.215398:INFO:CONSOLE(1)] "Removing intrinsics.%ArrayBufferPrototype%.detached", source: chrome-extension://nkbihfbeogaeaoehlefnkodbefgpgknn/sentry-install.js (1)
[75059:259:0604/111927.216095:INFO:CONSOLE(1)] "Removing intrinsics.%StringPrototype%.isWellFormed", source: chrome-extension://nkbihfbeogaeaoehlefnkodbefgpgknn/sentry-install.js (1)
[75059:259:0604/111927.216443:INFO:CONSOLE(1)] "Removing intrinsics.%StringPrototype%.toWellFormed", source: chrome-extension://nkbihfbeogaeaoehlefnkodbefgpgknn/sentry-install.js (1)
[75059:259:0604/111927.217096:INFO:CONSOLE(1)] "Removing intrinsics.%RegExpPrototype%.unicodeSets", source: chrome-extension://nkbihfbeogaeaoehlefnkodbefgpgknn/sentry-install.js (1)
[75059:259:0604/111927.217641:INFO:CONSOLE(1)] "Removing intrinsics.%FunctionPrototype%.apply.prototype", source: chrome-extension://nkbihfbeogaeaoehlefnkodbefgpgknn/sentry-install.js (1)
[75059:259:0604/111927.218516:INFO:CONSOLE(1)] "Tolerating undeletable intrinsics.%FunctionPrototype%.apply.prototype === undefined", source: chrome-extension://nkbihfbeogaeaoehlefnkodbefgpgknn/sentry-install.js (1)
[75059:259:0604/111927.219427:INFO:CONSOLE(1)] "Removing intrinsics.%FunctionPrototype%.bind.prototype", source: chrome-extension://nkbihfbeogaeaoehlefnkodbefgpgknn/sentry-install.js (1)
[75059:259:0604/111927.220011:INFO:CONSOLE(1)] "Tolerating undeletable intrinsics.%FunctionPrototype%.bind.prototype === undefined", source: chrome-extension://nkbihfbeogaeaoehlefnkodbefgpgknn/sentry-install.js (1)
[75059:259:0604/111927.220586:INFO:CONSOLE(1)] "Removing intrinsics.%TypedArrayPrototype%.toReversed", source: chrome-extension://nkbihfbeogaeaoehlefnkodbefgpgknn/sentry-install.js (1)
[75059:259:0604/111927.221005:INFO:CONSOLE(1)] "Removing intrinsics.%TypedArrayPrototype%.toSorted", source: chrome-extension://nkbihfbeogaeaoehlefnkodbefgpgknn/sentry-install.js (1)
[75059:259:0604/111927.221549:INFO:CONSOLE(1)] "Removing intrinsics.%TypedArrayPrototype%.with", source: chrome-extension://nkbihfbeogaeaoehlefnkodbefgpgknn/sentry-install.js (1)
[75059:259:0604/111927.287537:INFO:CONSOLE(1)] "Property eval will not be hardened because it is scuttled by LavaMoat protection. Visit https://github.com/LavaMoat/LavaMoat/pull/360 to learn more.", source: chrome-extension://nkbihfbeogaeaoehlefnkodbefgpgknn/sentry-install.js (1)
[75059:259:0604/111927.765504:INFO:CONSOLE(1)] "missing dep: ethjs>number-to-bn>bn.js requested buffer", source: chrome-extension://nkbihfbeogaeaoehlefnkodbefgpgknn/sentry-install.js (1)
[75059:259:0604/111927.775302:INFO:CONSOLE(1)] "missing dep: ethjs-contract>ethjs-abi>bn.js requested buffer", source: chrome-extension://nkbihfbeogaeaoehlefnkodbefgpgknn/sentry-install.js (1)
[75059:259:0604/111927.787003:INFO:CONSOLE(1)] "missing dep: ethjs>bn.js requested buffer", source: chrome-extension://nkbihfbeogaeaoehlefnkodbefgpgknn/sentry-install.js (1)
[75059:259:0604/111927.789827:INFO:CONSOLE(1)] "missing dep: ethjs>ethjs-unit>bn.js requested buffer", source: chrome-extension://nkbihfbeogaeaoehlefnkodbefgpgknn/sentry-install.js (1)
[75059:259:0604/111928.163384:INFO:CONSOLE(1)] "WARNING: Missing strong random number source", source: chrome-extension://nkbihfbeogaeaoehlefnkodbefgpgknn/sentry-install.js (1)
[75059:259:0604/111928.301435:INFO:CONSOLE(1)] "missing dep: @metamask/eth-token-tracker>ethjs>bn.js requested buffer", source: chrome-extension://nkbihfbeogaeaoehlefnkodbefgpgknn/sentry-install.js (1)
[75059:259:0604/111929.623044:INFO:CONSOLE(1)] "TypeError: Cannot read properties of undefined (reading 'text_signature')", source: chrome-extension://nkbihfbeogaeaoehlefnkodbefgpgknn/sentry-install.js (1)
[75059:259:0604/111932.962058:INFO:CONSOLE(1)] "Error in RPC response:
 [object Object]", source: chrome-extension://nkbihfbeogaeaoehlefnkodbefgpgknn/sentry-install.js (1)
[75059:259:0604/111932.964674:INFO:CONSOLE(1)] "MetaMask - RPC Error: MetaMask Tx Signature: User denied transaction signature. [object Object]", source: chrome-extension://nkbihfbeogaeaoehlefnkodbefgpgknn/inpage.js (1)
