[30350:259:0604/055635.356137:WARNING:chrome_main_delegate.cc(593)] This is Chrome version 114.0.5735.90 (not a warning)
[30350:259:0604/055635.883994:INFO:chrome_browser_cloud_management_controller.cc(167)] Starting CBCM Controller Initialization
[30350:259:0604/055635.884037:INFO:chrome_browser_cloud_management_controller.cc(195)] No machine level policy manager exists.
[30350:259:0604/055637.694328:INFO:CONSOLE(6)] "SNOW INTERCEPTED NEW WINDOW CREATION IN METAMASK APP:  [object Window] null", source: chrome-extension://nkbihfbeogaeaoehlefnkodbefgpgknn/use-snow.js (6)
[30350:259:0604/055637.695670:INFO:CONSOLE(6)] "SNOW INTERCEPTED NEW WINDOW CREATION IN METAMASK APP:  [object Window] null", source: chrome-extension://nkbihfbeogaeaoehlefnkodbefgpgknn/use-snow.js (6)
[30350:259:0604/055637.727242:INFO:CONSOLE(1)] "Setting up Sentry Remote Error Reporting for 'production': SENTRY_DSN", source: chrome-extension://nkbihfbeogaeaoehlefnkodbefgpgknn/sentry-install.js (1)
[30350:259:0604/055637.797006:INFO:CONSOLE(1)] "Removing intrinsics.JSON.rawJSON", source: chrome-extension://nkbihfbeogaeaoehlefnkodbefgpgknn/sentry-install.js (1)
[30350:259:0604/055637.797651:INFO:CONSOLE(1)] "Removing intrinsics.JSON.isRawJSON", source: chrome-extension://nkbihfbeogaeaoehlefnkodbefgpgknn/sentry-install.js (1)
[30350:259:0604/055637.799569:INFO:CONSOLE(1)] "Removing intrinsics.%ArrayPrototype%.toReversed", source: chrome-extension://nkbihfbeogaeaoehlefnkodbefgpgknn/sentry-install.js (1)
[30350:259:0604/055637.800575:INFO:CONSOLE(1)] "Removing intrinsics.%ArrayPrototype%.toSorted", source: chrome-extension://nkbihfbeogaeaoehlefnkodbefgpgknn/sentry-install.js (1)
[30350:259:0604/055637.800936:INFO:CONSOLE(1)] "Removing intrinsics.%ArrayPrototype%.toSpliced", source: chrome-extension://nkbihfbeogaeaoehlefnkodbefgpgknn/sentry-install.js (1)
[30350:259:0604/055637.801501:INFO:CONSOLE(1)] "Removing intrinsics.%ArrayPrototype%.with", source: chrome-extension://nkbihfbeogaeaoehlefnkodbefgpgknn/sentry-install.js (1)
[30350:259:0604/055637.802767:INFO:CONSOLE(1)] "Removing intrinsics.%ArrayPrototype%.@@unscopables.toReversed", source: chrome-extension://nkbihfbeogaeaoehlefnkodbefgpgknn/sentry-install.js (1)
[30350:259:0604/055637.804732:INFO:CONSOLE(1)] "Removing intrinsics.%ArrayPrototype%.@@unscopables.toSorted", source: chrome-extension://nkbihfbeogaeaoehlefnkodbefgpgknn/sentry-install.js (1)
[30350:259:0604/055637.806131:INFO:CONSOLE(1)] "Removing intrinsics.%ArrayPrototype%.@@unscopables.toSpliced", source: chrome-extension://nkbihfbeogaeaoehlefnkodbefgpgknn/sentry-install.js (1)
[30350:259:0604/055637.864754:INFO:CONSOLE(1)] "Removing intrinsics.%ArrayBufferPrototype%.transferToFixedLength", source: chrome-extension://nkbihfbeogaeaoehlefnkodbefgpgknn/sentry-install.js (1)
[30350:259:0604/055637.874617:INFO:CONSOLE(1)] "Removing intrinsics.%ArrayBufferPrototype%.detached", source: chrome-extension://nkbihfbeogaeaoehlefnkodbefgpgknn/sentry-install.js (1)
[30350:259:0604/055637.903297:INFO:CONSOLE(1)] "Removing intrinsics.%StringPrototype%.isWellFormed", source: chrome-extension://nkbihfbeogaeaoehlefnkodbefgpgknn/sentry-install.js (1)
[30350:259:0604/055637.906421:INFO:CONSOLE(1)] "Removing intrinsics.%StringPrototype%.toWellFormed", source: chrome-extension://nkbihfbeogaeaoehlefnkodbefgpgknn/sentry-install.js (1)
[30350:259:0604/055637.907457:INFO:CONSOLE(1)] "Removing intrinsics.%RegExpPrototype%.unicodeSets", source: chrome-extension://nkbihfbeogaeaoehlefnkodbefgpgknn/sentry-install.js (1)
[30350:259:0604/055637.908387:INFO:CONSOLE(1)] "Removing intrinsics.%FunctionPrototype%.apply.prototype", source: chrome-extension://nkbihfbeogaeaoehlefnkodbefgpgknn/sentry-install.js (1)
[30350:259:0604/055637.911932:INFO:CONSOLE(1)] "Tolerating undeletable intrinsics.%FunctionPrototype%.apply.prototype === undefined", source: chrome-extension://nkbihfbeogaeaoehlefnkodbefgpgknn/sentry-install.js (1)
[30350:259:0604/055637.912745:INFO:CONSOLE(1)] "Removing intrinsics.%FunctionPrototype%.bind.prototype", source: chrome-extension://nkbihfbeogaeaoehlefnkodbefgpgknn/sentry-install.js (1)
[30350:259:0604/055637.918626:INFO:CONSOLE(1)] "Tolerating undeletable intrinsics.%FunctionPrototype%.bind.prototype === undefined", source: chrome-extension://nkbihfbeogaeaoehlefnkodbefgpgknn/sentry-install.js (1)
[30350:259:0604/055637.924016:INFO:CONSOLE(1)] "Removing intrinsics.%TypedArrayPrototype%.toReversed", source: chrome-extension://nkbihfbeogaeaoehlefnkodbefgpgknn/sentry-install.js (1)
[30350:259:0604/055637.924714:INFO:CONSOLE(1)] "Removing intrinsics.%TypedArrayPrototype%.toSorted", source: chrome-extension://nkbihfbeogaeaoehlefnkodbefgpgknn/sentry-install.js (1)
[30350:259:0604/055637.928212:INFO:CONSOLE(1)] "Removing intrinsics.%TypedArrayPrototype%.with", source: chrome-extension://nkbihfbeogaeaoehlefnkodbefgpgknn/sentry-install.js (1)
[30350:259:0604/055638.225756:INFO:CONSOLE(1)] "Property eval will not be hardened because it is scuttled by LavaMoat protection. Visit https://github.com/LavaMoat/LavaMoat/pull/360 to learn more.", source: chrome-extension://nkbihfbeogaeaoehlefnkodbefgpgknn/sentry-install.js (1)
[30350:259:0604/055638.765031:INFO:CONSOLE(1)] "missing dep: ethjs>ethjs-unit>bn.js requested buffer", source: chrome-extension://nkbihfbeogaeaoehlefnkodbefgpgknn/sentry-install.js (1)
[30350:259:0604/055638.770270:INFO:CONSOLE(1)] "missing dep: ethjs>number-to-bn>bn.js requested buffer", source: chrome-extension://nkbihfbeogaeaoehlefnkodbefgpgknn/sentry-install.js (1)
[30350:259:0604/055638.856142:INFO:CONSOLE(1)] "WARNING: Missing strong random number source", source: chrome-extension://nkbihfbeogaeaoehlefnkodbefgpgknn/sentry-install.js (1)
[30350:259:0604/055639.120637:INFO:CONSOLE(1)] "missing dep: ethjs-contract>ethjs-abi>bn.js requested buffer", source: chrome-extension://nkbihfbeogaeaoehlefnkodbefgpgknn/sentry-install.js (1)
[30350:259:0604/055639.490866:INFO:CONSOLE(1)] "%s: %s MaxListenersExceededWarning Possible EventEmitter memory leak detected. 11 "update" listeners added. Use emitter.setMaxListeners() to increase limit.", source: chrome-extension://nkbihfbeogaeaoehlefnkodbefgpgknn/sentry-install.js (1)
[30350:259:0604/055639.491503:INFO:CONSOLE(1)] "%s: %s MaxListenersExceededWarning Possible EventEmitter memory leak detected. 14 "update" listeners added. Use emitter.setMaxListeners() to increase limit.", source: chrome-extension://nkbihfbeogaeaoehlefnkodbefgpgknn/sentry-install.js (1)
[30350:259:0604/055639.529262:INFO:CONSOLE(0)] "Error with Permissions-Policy header: Origin trial controlled feature not enabled: 'interest-cohort'.", source:  (0)
[30350:259:0604/055639.556003:INFO:CONSOLE(6)] "SNOW INTERCEPTED NEW WINDOW CREATION IN METAMASK APP:  [object Window] [object HTMLIFrameElement]", source: chrome-extension://nkbihfbeogaeaoehlefnkodbefgpgknn/use-snow.js (6)
[30350:259:0604/055639.572354:INFO:CONSOLE(1)] "Removing intrinsics.JSON.rawJSON", source: chrome-extension://nkbihfbeogaeaoehlefnkodbefgpgknn/lockdown-install.js (1)
[30350:259:0604/055639.572789:INFO:CONSOLE(1)] "Removing intrinsics.JSON.isRawJSON", source: chrome-extension://nkbihfbeogaeaoehlefnkodbefgpgknn/lockdown-install.js (1)
[30350:259:0604/055639.573289:INFO:CONSOLE(1)] "Removing intrinsics.%ArrayPrototype%.toReversed", source: chrome-extension://nkbihfbeogaeaoehlefnkodbefgpgknn/lockdown-install.js (1)
[30350:259:0604/055639.573553:INFO:CONSOLE(1)] "Removing intrinsics.%ArrayPrototype%.toSorted", source: chrome-extension://nkbihfbeogaeaoehlefnkodbefgpgknn/lockdown-install.js (1)
[30350:259:0604/055639.573725:INFO:CONSOLE(1)] "Removing intrinsics.%ArrayPrototype%.toSpliced", source: chrome-extension://nkbihfbeogaeaoehlefnkodbefgpgknn/lockdown-install.js (1)
[30350:259:0604/055639.573927:INFO:CONSOLE(1)] "Removing intrinsics.%ArrayPrototype%.with", source: chrome-extension://nkbihfbeogaeaoehlefnkodbefgpgknn/lockdown-install.js (1)
[30350:259:0604/055639.574123:INFO:CONSOLE(1)] "Removing intrinsics.%ArrayPrototype%.@@unscopables.toReversed", source: chrome-extension://nkbihfbeogaeaoehlefnkodbefgpgknn/lockdown-install.js (1)
[30350:259:0604/055639.574405:INFO:CONSOLE(1)] "Removing intrinsics.%ArrayPrototype%.@@unscopables.toSorted", source: chrome-extension://nkbihfbeogaeaoehlefnkodbefgpgknn/lockdown-install.js (1)
[30350:259:0604/055639.574647:INFO:CONSOLE(1)] "Removing intrinsics.%ArrayPrototype%.@@unscopables.toSpliced", source: chrome-extension://nkbihfbeogaeaoehlefnkodbefgpgknn/lockdown-install.js (1)
[30350:259:0604/055639.574891:INFO:CONSOLE(1)] "Removing intrinsics.%ArrayBufferPrototype%.transferToFixedLength", source: chrome-extension://nkbihfbeogaeaoehlefnkodbefgpgknn/lockdown-install.js (1)
[30350:259:0604/055639.575115:INFO:CONSOLE(1)] "Removing intrinsics.%ArrayBufferPrototype%.detached", source: chrome-extension://nkbihfbeogaeaoehlefnkodbefgpgknn/lockdown-install.js (1)
[30350:259:0604/055639.575690:INFO:CONSOLE(1)] "Removing intrinsics.%StringPrototype%.isWellFormed", source: chrome-extension://nkbihfbeogaeaoehlefnkodbefgpgknn/lockdown-install.js (1)
[30350:259:0604/055639.575828:INFO:CONSOLE(1)] "Removing intrinsics.%StringPrototype%.toWellFormed", source: chrome-extension://nkbihfbeogaeaoehlefnkodbefgpgknn/lockdown-install.js (1)
[30350:259:0604/055639.576231:INFO:CONSOLE(1)] "Removing intrinsics.%RegExpPrototype%.unicodeSets", source: chrome-extension://nkbihfbeogaeaoehlefnkodbefgpgknn/lockdown-install.js (1)
[30350:259:0604/055639.576537:INFO:CONSOLE(1)] "Removing intrinsics.%TypedArrayPrototype%.toReversed", source: chrome-extension://nkbihfbeogaeaoehlefnkodbefgpgknn/lockdown-install.js (1)
[30350:259:0604/055639.576775:INFO:CONSOLE(1)] "Removing intrinsics.%TypedArrayPrototype%.toSorted", source: chrome-extension://nkbihfbeogaeaoehlefnkodbefgpgknn/lockdown-install.js (1)
[30350:259:0604/055639.576990:INFO:CONSOLE(1)] "Removing intrinsics.%TypedArrayPrototype%.with", source: chrome-extension://nkbihfbeogaeaoehlefnkodbefgpgknn/lockdown-install.js (1)
[30350:259:0604/055639.652196:INFO:CONSOLE(1)] "Removing intrinsics.JSON.rawJSON", source: https://metamask.github.io/phishing-warning/v2.1.0/lockdown-install.js?__WB_REVISION__=c7dc122a07581e6e022f0f53a00abe9e (1)
[30350:259:0604/055639.652274:INFO:CONSOLE(1)] "Removing intrinsics.JSON.isRawJSON", source: https://metamask.github.io/phishing-warning/v2.1.0/lockdown-install.js?__WB_REVISION__=c7dc122a07581e6e022f0f53a00abe9e (1)
[30350:259:0604/055639.652555:INFO:CONSOLE(1)] "Removing intrinsics.%ArrayPrototype%.toReversed", source: https://metamask.github.io/phishing-warning/v2.1.0/lockdown-install.js?__WB_REVISION__=c7dc122a07581e6e022f0f53a00abe9e (1)
[30350:259:0604/055639.652609:INFO:CONSOLE(1)] "Removing intrinsics.%ArrayPrototype%.toSorted", source: https://metamask.github.io/phishing-warning/v2.1.0/lockdown-install.js?__WB_REVISION__=c7dc122a07581e6e022f0f53a00abe9e (1)
[30350:259:0604/055639.652658:INFO:CONSOLE(1)] "Removing intrinsics.%ArrayPrototype%.toSpliced", source: https://metamask.github.io/phishing-warning/v2.1.0/lockdown-install.js?__WB_REVISION__=c7dc122a07581e6e022f0f53a00abe9e (1)
[30350:259:0604/055639.652731:INFO:CONSOLE(1)] "Removing intrinsics.%ArrayPrototype%.with", source: https://metamask.github.io/phishing-warning/v2.1.0/lockdown-install.js?__WB_REVISION__=c7dc122a07581e6e022f0f53a00abe9e (1)
[30350:259:0604/055639.652806:INFO:CONSOLE(1)] "Removing intrinsics.%ArrayPrototype%.@@unscopables.toReversed", source: https://metamask.github.io/phishing-warning/v2.1.0/lockdown-install.js?__WB_REVISION__=c7dc122a07581e6e022f0f53a00abe9e (1)
[30350:259:0604/055639.652832:INFO:CONSOLE(1)] "Removing intrinsics.%ArrayPrototype%.@@unscopables.toSorted", source: https://metamask.github.io/phishing-warning/v2.1.0/lockdown-install.js?__WB_REVISION__=c7dc122a07581e6e022f0f53a00abe9e (1)
[30350:259:0604/055639.652878:INFO:CONSOLE(1)] "Removing intrinsics.%ArrayPrototype%.@@unscopables.toSpliced", source: https://metamask.github.io/phishing-warning/v2.1.0/lockdown-install.js?__WB_REVISION__=c7dc122a07581e6e022f0f53a00abe9e (1)
[30350:259:0604/055639.652943:INFO:CONSOLE(1)] "Removing intrinsics.%ArrayBufferPrototype%.transferToFixedLength", source: https://metamask.github.io/phishing-warning/v2.1.0/lockdown-install.js?__WB_REVISION__=c7dc122a07581e6e022f0f53a00abe9e (1)
[30350:259:0604/055639.652987:INFO:CONSOLE(1)] "Removing intrinsics.%ArrayBufferPrototype%.detached", source: https://metamask.github.io/phishing-warning/v2.1.0/lockdown-install.js?__WB_REVISION__=c7dc122a07581e6e022f0f53a00abe9e (1)
[30350:259:0604/055639.653417:INFO:CONSOLE(1)] "Removing intrinsics.%StringPrototype%.isWellFormed", source: https://metamask.github.io/phishing-warning/v2.1.0/lockdown-install.js?__WB_REVISION__=c7dc122a07581e6e022f0f53a00abe9e (1)
[30350:259:0604/055639.653539:INFO:CONSOLE(1)] "Removing intrinsics.%StringPrototype%.toWellFormed", source: https://metamask.github.io/phishing-warning/v2.1.0/lockdown-install.js?__WB_REVISION__=c7dc122a07581e6e022f0f53a00abe9e (1)
[30350:259:0604/055639.653860:INFO:CONSOLE(1)] "Removing intrinsics.%RegExpPrototype%.unicodeSets", source: https://metamask.github.io/phishing-warning/v2.1.0/lockdown-install.js?__WB_REVISION__=c7dc122a07581e6e022f0f53a00abe9e (1)
[30350:259:0604/055639.654036:INFO:CONSOLE(1)] "Removing intrinsics.%TypedArrayPrototype%.toReversed", source: https://metamask.github.io/phishing-warning/v2.1.0/lockdown-install.js?__WB_REVISION__=c7dc122a07581e6e022f0f53a00abe9e (1)
[30350:259:0604/055639.654137:INFO:CONSOLE(1)] "Removing intrinsics.%TypedArrayPrototype%.toSorted", source: https://metamask.github.io/phishing-warning/v2.1.0/lockdown-install.js?__WB_REVISION__=c7dc122a07581e6e022f0f53a00abe9e (1)
[30350:259:0604/055639.654232:INFO:CONSOLE(1)] "Removing intrinsics.%TypedArrayPrototype%.with", source: https://metamask.github.io/phishing-warning/v2.1.0/lockdown-install.js?__WB_REVISION__=c7dc122a07581e6e022f0f53a00abe9e (1)
[30350:259:0604/055639.671092:INFO:CONSOLE(17)] "Service worker registered!", source: https://metamask.github.io/phishing-warning/v2.1.0/bundle.js?__WB_REVISION__=4f581fbe5d7af118bed82add2005e294 (17)
[30350:259:0604/055639.892399:INFO:CONSOLE(6)] "SNOW INTERCEPTED NEW WINDOW CREATION IN METAMASK APP:  [object Window] null", source: chrome-extension://nkbihfbeogaeaoehlefnkodbefgpgknn/use-snow.js (6)
[30350:259:0604/055639.904378:INFO:CONSOLE(6)] "SNOW INTERCEPTED NEW WINDOW CREATION IN METAMASK APP:  [object Window] null", source: chrome-extension://nkbihfbeogaeaoehlefnkodbefgpgknn/use-snow.js (6)
[30350:259:0604/055639.924682:INFO:CONSOLE(1)] "Setting up Sentry Remote Error Reporting for 'production': SENTRY_DSN", source: chrome-extension://nkbihfbeogaeaoehlefnkodbefgpgknn/sentry-install.js (1)
[30350:259:0604/055639.964919:INFO:CONSOLE(1)] "Removing intrinsics.JSON.rawJSON", source: chrome-extension://nkbihfbeogaeaoehlefnkodbefgpgknn/sentry-install.js (1)
[30350:259:0604/055639.965405:INFO:CONSOLE(1)] "Removing intrinsics.JSON.isRawJSON", source: chrome-extension://nkbihfbeogaeaoehlefnkodbefgpgknn/sentry-install.js (1)
[30350:259:0604/055639.966474:INFO:CONSOLE(1)] "Removing intrinsics.%ArrayPrototype%.toReversed", source: chrome-extension://nkbihfbeogaeaoehlefnkodbefgpgknn/sentry-install.js (1)
[30350:259:0604/055639.967065:INFO:CONSOLE(1)] "Removing intrinsics.%ArrayPrototype%.toSorted", source: chrome-extension://nkbihfbeogaeaoehlefnkodbefgpgknn/sentry-install.js (1)
[30350:259:0604/055639.967673:INFO:CONSOLE(1)] "Removing intrinsics.%ArrayPrototype%.toSpliced", source: chrome-extension://nkbihfbeogaeaoehlefnkodbefgpgknn/sentry-install.js (1)
[30350:259:0604/055639.968556:INFO:CONSOLE(1)] "Removing intrinsics.%ArrayPrototype%.with", source: chrome-extension://nkbihfbeogaeaoehlefnkodbefgpgknn/sentry-install.js (1)
[30350:259:0604/055639.970082:INFO:CONSOLE(1)] "Removing intrinsics.%ArrayPrototype%.@@unscopables.toReversed", source: chrome-extension://nkbihfbeogaeaoehlefnkodbefgpgknn/sentry-install.js (1)
[30350:259:0604/055639.970277:INFO:CONSOLE(1)] "Removing intrinsics.%ArrayPrototype%.@@unscopables.toSorted", source: chrome-extension://nkbihfbeogaeaoehlefnkodbefgpgknn/sentry-install.js (1)
[30350:259:0604/055639.970338:INFO:CONSOLE(1)] "Removing intrinsics.%ArrayPrototype%.@@unscopables.toSpliced", source: chrome-extension://nkbihfbeogaeaoehlefnkodbefgpgknn/sentry-install.js (1)
[30350:259:0604/055639.970988:INFO:CONSOLE(1)] "Removing intrinsics.%ArrayBufferPrototype%.transferToFixedLength", source: chrome-extension://nkbihfbeogaeaoehlefnkodbefgpgknn/sentry-install.js (1)
[30350:259:0604/055639.971792:INFO:CONSOLE(1)] "Removing intrinsics.%ArrayBufferPrototype%.detached", source: chrome-extension://nkbihfbeogaeaoehlefnkodbefgpgknn/sentry-install.js (1)
[30350:259:0604/055639.972408:INFO:CONSOLE(1)] "Removing intrinsics.%StringPrototype%.isWellFormed", source: chrome-extension://nkbihfbeogaeaoehlefnkodbefgpgknn/sentry-install.js (1)
[30350:259:0604/055639.976535:INFO:CONSOLE(1)] "Removing intrinsics.%StringPrototype%.toWellFormed", source: chrome-extension://nkbihfbeogaeaoehlefnkodbefgpgknn/sentry-install.js (1)
[30350:259:0604/055639.977437:INFO:CONSOLE(1)] "Removing intrinsics.%RegExpPrototype%.unicodeSets", source: chrome-extension://nkbihfbeogaeaoehlefnkodbefgpgknn/sentry-install.js (1)
[30350:259:0604/055639.978188:INFO:CONSOLE(1)] "Removing intrinsics.%FunctionPrototype%.apply.prototype", source: chrome-extension://nkbihfbeogaeaoehlefnkodbefgpgknn/sentry-install.js (1)
[30350:259:0604/055639.978915:INFO:CONSOLE(1)] "Tolerating undeletable intrinsics.%FunctionPrototype%.apply.prototype === undefined", source: chrome-extension://nkbihfbeogaeaoehlefnkodbefgpgknn/sentry-install.js (1)
[30350:259:0604/055639.979532:INFO:CONSOLE(1)] "Removing intrinsics.%FunctionPrototype%.bind.prototype", source: chrome-extension://nkbihfbeogaeaoehlefnkodbefgpgknn/sentry-install.js (1)
[30350:259:0604/055639.980256:INFO:CONSOLE(1)] "Tolerating undeletable intrinsics.%FunctionPrototype%.bind.prototype === undefined", source: chrome-extension://nkbihfbeogaeaoehlefnkodbefgpgknn/sentry-install.js (1)
[30350:259:0604/055639.981016:INFO:CONSOLE(1)] "Removing intrinsics.%TypedArrayPrototype%.toReversed", source: chrome-extension://nkbihfbeogaeaoehlefnkodbefgpgknn/sentry-install.js (1)
[30350:259:0604/055639.981684:INFO:CONSOLE(1)] "Removing intrinsics.%TypedArrayPrototype%.toSorted", source: chrome-extension://nkbihfbeogaeaoehlefnkodbefgpgknn/sentry-install.js (1)
[30350:259:0604/055639.982244:INFO:CONSOLE(1)] "Removing intrinsics.%TypedArrayPrototype%.with", source: chrome-extension://nkbihfbeogaeaoehlefnkodbefgpgknn/sentry-install.js (1)
[30350:259:0604/055640.232321:INFO:CONSOLE(1)] "Property eval will not be hardened because it is scuttled by LavaMoat protection. Visit https://github.com/LavaMoat/LavaMoat/pull/360 to learn more.", source: chrome-extension://nkbihfbeogaeaoehlefnkodbefgpgknn/sentry-install.js (1)
[30350:259:0604/055640.762524:INFO:CONSOLE(1)] "missing dep: ethjs>number-to-bn>bn.js requested buffer", source: chrome-extension://nkbihfbeogaeaoehlefnkodbefgpgknn/sentry-install.js (1)
[30350:259:0604/055640.766823:INFO:CONSOLE(1)] "missing dep: ethjs-contract>ethjs-abi>bn.js requested buffer", source: chrome-extension://nkbihfbeogaeaoehlefnkodbefgpgknn/sentry-install.js (1)
[30350:259:0604/055640.772722:INFO:CONSOLE(1)] "missing dep: ethjs>bn.js requested buffer", source: chrome-extension://nkbihfbeogaeaoehlefnkodbefgpgknn/sentry-install.js (1)
[30350:259:0604/055640.774291:INFO:CONSOLE(1)] "missing dep: ethjs>ethjs-unit>bn.js requested buffer", source: chrome-extension://nkbihfbeogaeaoehlefnkodbefgpgknn/sentry-install.js (1)
[30350:259:0604/055641.047610:INFO:CONSOLE(1)] "WARNING: Missing strong random number source", source: chrome-extension://nkbihfbeogaeaoehlefnkodbefgpgknn/sentry-install.js (1)
[30350:259:0604/055641.214120:INFO:CONSOLE(1)] "missing dep: @metamask/eth-token-tracker>ethjs>bn.js requested buffer", source: chrome-extension://nkbihfbeogaeaoehlefnkodbefgpgknn/sentry-install.js (1)
[30350:259:0604/055642.106624:INFO:CONSOLE(6)] "SNOW INTERCEPTED NEW WINDOW CREATION IN METAMASK APP:  [object Window] null", source: chrome-extension://nkbihfbeogaeaoehlefnkodbefgpgknn/use-snow.js (6)
[30350:259:0604/055642.106939:INFO:CONSOLE(6)] "SNOW INTERCEPTED NEW WINDOW CREATION IN METAMASK APP:  [object Window] null", source: chrome-extension://nkbihfbeogaeaoehlefnkodbefgpgknn/use-snow.js (6)
[30350:259:0604/055642.140566:INFO:CONSOLE(1)] "Setting up Sentry Remote Error Reporting for 'production': SENTRY_DSN", source: chrome-extension://nkbihfbeogaeaoehlefnkodbefgpgknn/sentry-install.js (1)
[30350:259:0604/055642.220951:INFO:CONSOLE(1)] "Removing intrinsics.JSON.rawJSON", source: chrome-extension://nkbihfbeogaeaoehlefnkodbefgpgknn/sentry-install.js (1)
[30350:259:0604/055642.221939:INFO:CONSOLE(1)] "Removing intrinsics.JSON.isRawJSON", source: chrome-extension://nkbihfbeogaeaoehlefnkodbefgpgknn/sentry-install.js (1)
[30350:259:0604/055642.222950:INFO:CONSOLE(1)] "Removing intrinsics.%ArrayPrototype%.toReversed", source: chrome-extension://nkbihfbeogaeaoehlefnkodbefgpgknn/sentry-install.js (1)
[30350:259:0604/055642.223585:INFO:CONSOLE(1)] "Removing intrinsics.%ArrayPrototype%.toSorted", source: chrome-extension://nkbihfbeogaeaoehlefnkodbefgpgknn/sentry-install.js (1)
[30350:259:0604/055642.224207:INFO:CONSOLE(1)] "Removing intrinsics.%ArrayPrototype%.toSpliced", source: chrome-extension://nkbihfbeogaeaoehlefnkodbefgpgknn/sentry-install.js (1)
[30350:259:0604/055642.226349:INFO:CONSOLE(1)] "Removing intrinsics.%ArrayPrototype%.with", source: chrome-extension://nkbihfbeogaeaoehlefnkodbefgpgknn/sentry-install.js (1)
[30350:259:0604/055642.227112:INFO:CONSOLE(1)] "Removing intrinsics.%ArrayPrototype%.@@unscopables.toReversed", source: chrome-extension://nkbihfbeogaeaoehlefnkodbefgpgknn/sentry-install.js (1)
[30350:259:0604/055642.227736:INFO:CONSOLE(1)] "Removing intrinsics.%ArrayPrototype%.@@unscopables.toSorted", source: chrome-extension://nkbihfbeogaeaoehlefnkodbefgpgknn/sentry-install.js (1)
[30350:259:0604/055642.229128:INFO:CONSOLE(1)] "Removing intrinsics.%ArrayPrototype%.@@unscopables.toSpliced", source: chrome-extension://nkbihfbeogaeaoehlefnkodbefgpgknn/sentry-install.js (1)
[30350:259:0604/055642.230865:INFO:CONSOLE(1)] "Removing intrinsics.%ArrayBufferPrototype%.transferToFixedLength", source: chrome-extension://nkbihfbeogaeaoehlefnkodbefgpgknn/sentry-install.js (1)
[30350:259:0604/055642.234506:INFO:CONSOLE(1)] "Removing intrinsics.%ArrayBufferPrototype%.detached", source: chrome-extension://nkbihfbeogaeaoehlefnkodbefgpgknn/sentry-install.js (1)
[30350:259:0604/055642.235759:INFO:CONSOLE(1)] "Removing intrinsics.%StringPrototype%.isWellFormed", source: chrome-extension://nkbihfbeogaeaoehlefnkodbefgpgknn/sentry-install.js (1)
[30350:259:0604/055642.236552:INFO:CONSOLE(1)] "Removing intrinsics.%StringPrototype%.toWellFormed", source: chrome-extension://nkbihfbeogaeaoehlefnkodbefgpgknn/sentry-install.js (1)
[30350:259:0604/055642.237758:INFO:CONSOLE(1)] "Removing intrinsics.%RegExpPrototype%.unicodeSets", source: chrome-extension://nkbihfbeogaeaoehlefnkodbefgpgknn/sentry-install.js (1)
[30350:259:0604/055642.238958:INFO:CONSOLE(1)] "Removing intrinsics.%FunctionPrototype%.apply.prototype", source: chrome-extension://nkbihfbeogaeaoehlefnkodbefgpgknn/sentry-install.js (1)
[30350:259:0604/055642.239751:INFO:CONSOLE(1)] "Tolerating undeletable intrinsics.%FunctionPrototype%.apply.prototype === undefined", source: chrome-extension://nkbihfbeogaeaoehlefnkodbefgpgknn/sentry-install.js (1)
[30350:259:0604/055642.240995:INFO:CONSOLE(1)] "Removing intrinsics.%FunctionPrototype%.bind.prototype", source: chrome-extension://nkbihfbeogaeaoehlefnkodbefgpgknn/sentry-install.js (1)
[30350:259:0604/055642.242230:INFO:CONSOLE(1)] "Tolerating undeletable intrinsics.%FunctionPrototype%.bind.prototype === undefined", source: chrome-extension://nkbihfbeogaeaoehlefnkodbefgpgknn/sentry-install.js (1)
[30350:259:0604/055642.243108:INFO:CONSOLE(1)] "Removing intrinsics.%TypedArrayPrototype%.toReversed", source: chrome-extension://nkbihfbeogaeaoehlefnkodbefgpgknn/sentry-install.js (1)
[30350:259:0604/055642.243785:INFO:CONSOLE(1)] "Removing intrinsics.%TypedArrayPrototype%.toSorted", source: chrome-extension://nkbihfbeogaeaoehlefnkodbefgpgknn/sentry-install.js (1)
[30350:259:0604/055642.244429:INFO:CONSOLE(1)] "Removing intrinsics.%TypedArrayPrototype%.with", source: chrome-extension://nkbihfbeogaeaoehlefnkodbefgpgknn/sentry-install.js (1)
[30350:259:0604/055642.345438:INFO:CONSOLE(1)] "Property eval will not be hardened because it is scuttled by LavaMoat protection. Visit https://github.com/LavaMoat/LavaMoat/pull/360 to learn more.", source: chrome-extension://nkbihfbeogaeaoehlefnkodbefgpgknn/sentry-install.js (1)
[30350:259:0604/055642.518520:INFO:CONSOLE(1)] "Translator - Unable to find value of key "agreeTermsOfUse" for locale "ru"", source: chrome-extension://nkbihfbeogaeaoehlefnkodbefgpgknn/sentry-install.js (1)
[30350:259:0604/055643.033819:INFO:CONSOLE(1)] "missing dep: ethjs>number-to-bn>bn.js requested buffer", source: chrome-extension://nkbihfbeogaeaoehlefnkodbefgpgknn/sentry-install.js (1)
[30350:259:0604/055643.035999:INFO:CONSOLE(1)] "missing dep: ethjs-contract>ethjs-abi>bn.js requested buffer", source: chrome-extension://nkbihfbeogaeaoehlefnkodbefgpgknn/sentry-install.js (1)
[30350:259:0604/055643.038341:INFO:CONSOLE(1)] "missing dep: ethjs>bn.js requested buffer", source: chrome-extension://nkbihfbeogaeaoehlefnkodbefgpgknn/sentry-install.js (1)
[30350:259:0604/055643.039440:INFO:CONSOLE(1)] "missing dep: ethjs>ethjs-unit>bn.js requested buffer", source: chrome-extension://nkbihfbeogaeaoehlefnkodbefgpgknn/sentry-install.js (1)
[30350:259:0604/055643.366608:INFO:CONSOLE(1)] "WARNING: Missing strong random number source", source: chrome-extension://nkbihfbeogaeaoehlefnkodbefgpgknn/sentry-install.js (1)
[30350:259:0604/055643.487059:INFO:CONSOLE(1)] "missing dep: @metamask/eth-token-tracker>ethjs>bn.js requested buffer", source: chrome-extension://nkbihfbeogaeaoehlefnkodbefgpgknn/sentry-install.js (1)
[30350:259:0604/055643.814769:INFO:CONSOLE(1)] "Translator - Unable to find value of key "agreeTermsOfUse" for locale "ru"", source: chrome-extension://nkbihfbeogaeaoehlefnkodbefgpgknn/sentry-install.js (1)
[30350:9223:0604/055714.944298:INFO:crashpad_client_mac.cc(305)] restarting handler
[30350:259:0604/055714.952842:ERROR:gpu_process_host.cc(953)] GPU process exited unexpectedly: exit_code=9
[30350:259:0604/055714.953004:WARNING:gpu_process_host.cc(1318)] The GPU process has crashed 1 time(s)
[30350:9223:0604/055714.967705:INFO:crashpad_client_mac.cc(299)] restarting handler in 0.978s
[30350:259:0604/055714.967704:ERROR:network_service_instance_impl.cc(558)] Network service crashed, restarting service.
[30350:259:0604/055715.119170:WARNING:pref_notifier_impl.cc(41)] Pref observer for media_router.cast_allow_all_ips found at shutdown.
